mode: set
opencom/cmd/cli/main.go:20.13,27.16 2 0
opencom/cmd/cli/main.go:27.16,30.3 2 0
opencom/cmd/cli/main.go:31.2,31.28 1 0
opencom/cmd/cli/main.go:31.28,32.35 1 0
opencom/cmd/cli/main.go:32.35,35.4 2 0
opencom/cmd/cli/main.go:36.3,36.9 1 0
opencom/cmd/cli/main.go:39.2,39.51 1 0
opencom/cmd/cli/main.go:39.51,41.3 1 0
opencom/internal/log/log.go:24.49,43.9 5 1
opencom/internal/log/log.go:43.9,45.3 1 1
opencom/internal/log/log.go:46.2,46.15 1 1
opencom/internal/log/log.go:51.49,52.28 1 1
opencom/internal/log/log.go:53.15,54.34 1 1
opencom/internal/log/log.go:55.14,56.33 1 1
opencom/internal/log/log.go:57.25,58.33 1 0
opencom/internal/log/log.go:59.15,60.34 1 0
opencom/internal/log/log.go:61.10,62.34 1 1
opencom/internal/iox/atomicfile.go:15.81,16.65 1 1
opencom/internal/iox/atomicfile.go:16.65,18.3 1 0
opencom/internal/iox/atomicfile.go:19.2,20.16 2 1
opencom/internal/iox/atomicfile.go:20.16,22.3 1 0
opencom/internal/iox/atomicfile.go:23.2,26.48 3 1
opencom/internal/iox/atomicfile.go:26.48,29.3 2 0
opencom/internal/iox/atomicfile.go:30.2,30.43 1 1
opencom/internal/iox/atomicfile.go:30.43,33.3 2 0
opencom/internal/iox/atomicfile.go:34.2,34.36 1 1
opencom/internal/iox/atomicfile.go:34.36,36.3 1 0
opencom/internal/iox/atomicfile.go:37.2,37.49 1 1
opencom/internal/iox/atomicfile.go:37.49,39.3 1 0
opencom/internal/iox/atomicfile.go:40.2,40.12 1 1
opencom/internal/config/config.go:15.25,17.16 2 0
opencom/internal/config/config.go:17.16,18.13 1 0
opencom/internal/config/config.go:20.2,20.12 1 0
opencom/internal/config/defaults.go:147.35,151.2 3 1
opencom/internal/config/defaults.go:159.38,163.2 3 1
opencom/internal/config/defaults.go:171.23,173.16 2 1
opencom/internal/config/defaults.go:173.16,175.3 1 0
opencom/internal/config/defaults.go:176.2,220.3 1 1
opencom/internal/config/load.go:15.40,17.16 2 1
opencom/internal/config/load.go:17.16,18.37 1 1
opencom/internal/config/load.go:18.37,20.4 1 1
opencom/internal/config/load.go:21.3,21.59 1 0
opencom/internal/config/load.go:24.2,25.57 2 1
opencom/internal/config/load.go:25.57,27.3 1 1
opencom/internal/config/load.go:28.2,28.17 1 1
opencom/internal/config/load.go:33.42,35.16 2 1
opencom/internal/config/load.go:35.16,37.3 1 0
opencom/internal/config/load.go:38.2,38.54 1 1
opencom/internal/config/paths.go:40.36,42.16 2 1
opencom/internal/config/paths.go:42.16,44.3 1 0
opencom/internal/config/paths.go:46.2,47.16 2 1
opencom/internal/config/paths.go:47.16,49.3 1 0
opencom/internal/config/paths.go:51.2,52.16 2 1
opencom/internal/config/paths.go:52.16,54.3 1 0
opencom/internal/config/paths.go:56.2,75.8 5 1
opencom/internal/config/paths.go:80.57,81.31 1 1
opencom/internal/config/paths.go:81.31,83.63 2 0
opencom/internal/config/paths.go:83.63,85.4 1 0
opencom/internal/config/paths.go:86.3,86.40 1 0
opencom/internal/config/paths.go:88.2,88.22 1 1
opencom/internal/config/paths.go:88.22,90.3 1 1
opencom/internal/config/paths.go:91.2,91.58 1 1
opencom/internal/config/paths.go:97.37,98.47 1 1
opencom/internal/config/paths.go:98.47,100.3 1 1
opencom/internal/config/paths.go:101.2,101.22 1 1
opencom/internal/config/paths.go:102.17,103.46 1 0
opencom/internal/config/paths.go:103.46,105.4 1 0
opencom/internal/config/paths.go:106.16,108.17 2 0
opencom/internal/config/paths.go:108.17,110.4 1 0
opencom/internal/config/paths.go:111.3,111.68 1 0
opencom/internal/config/paths.go:113.2,114.16 2 1
opencom/internal/config/paths.go:114.16,116.3 1 0
opencom/internal/config/paths.go:117.2,117.52 1 1
opencom/internal/identity/export.go:25.62,27.16 2 1
opencom/internal/identity/export.go:27.16,29.3 1 0
opencom/internal/identity/export.go:30.2,35.8 1 1
opencom/internal/identity/export.go:40.59,42.16 2 1
opencom/internal/identity/export.go:42.16,44.3 1 0
opencom/internal/identity/export.go:45.2,45.54 1 1
opencom/internal/identity/export.go:49.54,51.16 2 1
opencom/internal/identity/export.go:51.16,53.3 1 0
opencom/internal/identity/export.go:54.2,55.59 2 1
opencom/internal/identity/export.go:55.59,57.3 1 0
opencom/internal/identity/export.go:58.2,58.24 1 1
opencom/internal/identity/export.go:58.24,60.3 1 1
opencom/internal/identity/export.go:61.2,62.16 2 1
opencom/internal/identity/export.go:62.16,64.3 1 0
opencom/internal/identity/export.go:65.2,66.16 2 1
opencom/internal/identity/export.go:66.16,68.3 1 0
opencom/internal/identity/export.go:69.2,69.40 1 1
opencom/internal/identity/export.go:69.40,74.3 1 1
opencom/internal/identity/export.go:75.2,75.19 1 1
opencom/internal/identity/export.go:79.57,81.16 2 1
opencom/internal/identity/export.go:81.16,83.3 1 1
opencom/internal/identity/export.go:84.2,85.16 2 1
opencom/internal/identity/export.go:85.16,87.3 1 0
opencom/internal/identity/export.go:88.2,88.17 1 1
opencom/internal/identity/keypair.go:24.34,26.16 2 1
opencom/internal/identity/keypair.go:26.16,28.3 1 0
opencom/internal/identity/keypair.go:29.2,30.16 2 1
opencom/internal/identity/keypair.go:30.16,32.3 1 0
opencom/internal/identity/keypair.go:33.2,33.55 1 1
opencom/internal/identity/keypair.go:38.59,40.2 1 1
opencom/internal/identity/keypair.go:44.42,46.16 2 1
opencom/internal/identity/keypair.go:46.16,48.3 1 0
opencom/internal/identity/keypair.go:49.2,49.54 1 1
opencom/internal/identity/keypair.go:54.41,56.16 2 1
opencom/internal/identity/keypair.go:56.16,58.3 1 1
opencom/internal/identity/keypair.go:59.2,59.31 1 1
opencom/internal/identity/keypair.go:59.31,60.50 1 1
opencom/internal/identity/keypair.go:60.50,65.4 1 1
opencom/internal/identity/keypair.go:68.2,69.16 2 1
opencom/internal/identity/keypair.go:69.16,71.3 1 0
opencom/internal/identity/keypair.go:72.2,73.16 2 1
opencom/internal/identity/keypair.go:73.16,75.3 1 0
opencom/internal/identity/keypair.go:76.2,76.35 1 1
opencom/internal/identity/keypair.go:76.35,78.3 1 0
opencom/internal/identity/keypair.go:79.2,81.16 3 1
opencom/internal/identity/keypair.go:81.16,83.3 1 0
opencom/internal/identity/keypair.go:84.2,84.55 1 1
opencom/internal/identity/x25519.go:21.58,23.27 2 1
opencom/internal/identity/x25519.go:23.27,25.3 1 1
opencom/internal/identity/x25519.go:26.2,27.16 2 1
opencom/internal/identity/x25519.go:27.16,29.3 1 1
opencom/internal/identity/x25519.go:30.2,31.21 2 1
opencom/internal/identity/x25519.go:31.21,33.3 1 0
opencom/internal/identity/x25519.go:34.2,35.17 2 1
opencom/internal/identity/x25519.go:49.65,51.41 2 1
opencom/internal/identity/x25519.go:51.41,54.3 1 1
opencom/internal/identity/x25519.go:55.2,61.17 7 1
opencom/internal/ipc/client.go:45.62,47.16 2 1
opencom/internal/ipc/client.go:47.16,49.3 1 0
opencom/internal/ipc/client.go:51.2,61.62 3 1
opencom/internal/ipc/client.go:61.62,63.3 1 1
opencom/internal/ipc/client.go:64.2,68.21 4 1
opencom/internal/ipc/client.go:68.21,70.39 2 0
opencom/internal/ipc/client.go:70.39,72.4 1 0
opencom/internal/ipc/client.go:73.3,73.66 1 0
opencom/internal/ipc/client.go:76.2,77.64 2 1
opencom/internal/ipc/client.go:77.64,80.3 2 0
opencom/internal/ipc/client.go:81.2,81.29 1 1
opencom/internal/ipc/client.go:81.29,84.3 2 0
opencom/internal/ipc/client.go:85.2,86.58 2 1
opencom/internal/ipc/client.go:86.58,89.3 2 0
opencom/internal/ipc/client.go:90.2,90.35 1 1
opencom/internal/ipc/client.go:90.35,94.3 2 1
opencom/internal/ipc/client.go:95.2,101.15 4 1
opencom/internal/ipc/client.go:104.51,106.21 2 1
opencom/internal/ipc/client.go:106.21,108.63 2 1
opencom/internal/ipc/client.go:108.63,109.12 1 0
opencom/internal/ipc/client.go:111.3,111.23 1 1
opencom/internal/ipc/client.go:111.23,118.10 3 1
opencom/internal/ipc/client.go:118.10,120.5 1 1
opencom/internal/ipc/client.go:121.4,122.10 2 1
opencom/internal/ipc/client.go:122.10,124.5 1 1
opencom/internal/ipc/client.go:125.4,125.12 1 1
opencom/internal/ipc/client.go:127.3,127.52 1 1
opencom/internal/ipc/client.go:127.52,129.58 2 1
opencom/internal/ipc/client.go:129.58,130.13 1 0
opencom/internal/ipc/client.go:138.4,139.36 2 1
opencom/internal/ipc/client.go:139.36,140.12 1 1
opencom/internal/ipc/client.go:141.20,141.20 0 1
opencom/internal/ipc/client.go:142.13,142.13 0 0
opencom/internal/ipc/client.go:147.10,153.76 1 1
opencom/internal/ipc/client.go:153.76,155.6 1 1
opencom/internal/ipc/client.go:157.4,157.21 1 1
opencom/internal/ipc/client.go:160.2,161.31 2 1
opencom/internal/ipc/client.go:161.31,163.3 1 0
opencom/internal/ipc/client.go:164.2,168.28 4 1
opencom/internal/ipc/client.go:168.28,170.3 1 0
opencom/internal/ipc/client.go:171.2,173.19 3 1
opencom/internal/ipc/client.go:194.32,195.33 1 1
opencom/internal/ipc/client.go:195.33,197.3 1 0
opencom/internal/ipc/client.go:198.2,200.26 3 1
opencom/internal/ipc/client.go:200.26,201.40 1 1
opencom/internal/ipc/client.go:201.40,204.4 2 1
opencom/internal/ipc/client.go:206.2,206.16 1 1
opencom/internal/ipc/client.go:212.107,216.59 2 1
opencom/internal/ipc/client.go:216.59,218.3 1 0
opencom/internal/ipc/client.go:219.2,219.31 1 1
opencom/internal/ipc/client.go:219.31,221.3 1 0
opencom/internal/ipc/client.go:223.2,225.19 3 1
opencom/internal/ipc/client.go:225.19,228.3 2 0
opencom/internal/ipc/client.go:229.2,230.56 2 1
opencom/internal/ipc/client.go:230.56,231.31 1 1
opencom/internal/ipc/client.go:231.31,232.11 1 1
opencom/internal/ipc/client.go:233.22,233.22 0 1
opencom/internal/ipc/client.go:234.12,234.12 0 0
opencom/internal/ipc/client.go:238.3,238.41 1 1
opencom/internal/ipc/client.go:240.2,246.8 2 1
opencom/internal/ipc/client.go:250.41,250.67 1 1
opencom/internal/ipc/client.go:254.93,256.19 2 1
opencom/internal/ipc/client.go:256.19,258.17 2 1
opencom/internal/ipc/client.go:258.17,260.4 1 0
opencom/internal/ipc/client.go:261.3,261.16 1 1
opencom/internal/ipc/client.go:264.2,268.22 4 1
opencom/internal/ipc/client.go:268.22,271.3 2 0
opencom/internal/ipc/client.go:272.2,278.16 6 1
opencom/internal/ipc/client.go:278.16,283.3 4 0
opencom/internal/ipc/client.go:285.2,285.9 1 1
opencom/internal/ipc/client.go:286.20,290.19 4 1
opencom/internal/ipc/client.go:291.18,292.49 1 0
opencom/internal/ipc/client.go:293.24,294.25 1 1
opencom/internal/ipc/client.go:294.25,296.4 1 0
opencom/internal/ipc/client.go:297.3,297.24 1 1
opencom/internal/ipc/client.go:297.24,299.4 1 1
opencom/internal/ipc/client.go:300.3,300.44 1 1
opencom/internal/ipc/client.go:300.44,302.4 1 1
opencom/internal/ipc/client.go:303.3,303.13 1 0
opencom/internal/ipc/client.go:310.32,312.2 1 1
opencom/internal/ipc/conn.go:25.48,28.2 2 1
opencom/internal/ipc/conn.go:32.60,34.2 1 1
opencom/internal/ipc/conn.go:46.86,48.2 1 1
opencom/internal/ipc/conn.go:50.43,50.60 1 1
opencom/internal/ipc/conn.go:52.74,54.16 2 1
opencom/internal/ipc/conn.go:54.16,56.3 1 0
opencom/internal/ipc/conn.go:57.2,62.16 2 1
opencom/internal/ipc/conn.go:62.16,64.3 1 0
opencom/internal/ipc/conn.go:65.2,69.9 4 1
opencom/internal/ipc/conn.go:70.16,71.41 1 0
opencom/internal/ipc/conn.go:72.10,72.10 0 1
opencom/internal/ipc/conn.go:74.2,74.27 1 1
opencom/internal/ipc/errors.go:22.48,24.2 1 1
opencom/internal/ipc/protocol.go:29.35,29.75 1 1
opencom/internal/ipc/protocol.go:32.40,32.80 1 1
opencom/internal/ipc/protocol.go:35.36,35.76 1 1
opencom/internal/ipc/protocol.go:45.32,45.52 1 1
opencom/internal/ipc/server.go:31.63,37.2 1 1
opencom/internal/ipc/server.go:42.53,46.2 3 1
opencom/internal/ipc/server.go:51.67,58.12 4 1
opencom/internal/ipc/server.go:58.12,59.10 1 1
opencom/internal/ipc/server.go:60.21,61.17 1 1
opencom/internal/ipc/server.go:62.15,62.15 0 0
opencom/internal/ipc/server.go:66.2,66.6 1 1
opencom/internal/ipc/server.go:66.6,68.17 2 1
opencom/internal/ipc/server.go:68.17,70.79 2 1
opencom/internal/ipc/server.go:70.79,72.5 1 1
opencom/internal/ipc/server.go:73.4,73.40 1 0
opencom/internal/ipc/server.go:75.3,76.23 2 1
opencom/internal/ipc/server.go:76.23,79.4 2 1
opencom/internal/ipc/server.go:83.65,94.57 8 1
opencom/internal/ipc/server.go:94.57,97.3 2 0
opencom/internal/ipc/server.go:99.2,102.21 3 1
opencom/internal/ipc/server.go:102.21,104.63 2 1
opencom/internal/ipc/server.go:104.63,106.12 2 0
opencom/internal/ipc/server.go:108.3,108.48 1 1
opencom/internal/ipc/server.go:108.48,109.12 1 0
opencom/internal/ipc/server.go:112.3,116.10 4 1
opencom/internal/ipc/server.go:116.10,117.23 1 1
opencom/internal/ipc/server.go:117.23,120.5 1 1
opencom/internal/ipc/server.go:121.4,121.12 1 1
opencom/internal/ipc/server.go:124.3,125.23 2 1
opencom/internal/ipc/server.go:125.23,126.18 1 1
opencom/internal/ipc/server.go:126.18,130.5 1 0
opencom/internal/ipc/server.go:131.4,131.12 1 1
opencom/internal/ipc/server.go:133.3,133.17 1 1
opencom/internal/ipc/server.go:133.17,135.31 2 1
opencom/internal/ipc/server.go:135.31,137.5 1 1
opencom/internal/ipc/server.go:137.10,139.5 1 1
opencom/internal/ipc/server.go:140.4,140.12 1 1
opencom/internal/ipc/server.go:142.3,142.51 1 1
opencom/internal/ipc/server.go:146.80,151.16 2 1
opencom/internal/ipc/server.go:151.16,153.3 1 0
opencom/internal/ipc/server.go:154.2,160.4 3 1
opencom/internal/ipc/server.go:163.105,165.16 2 1
opencom/internal/ipc/server.go:165.16,168.3 2 0
opencom/internal/ipc/server.go:169.2,171.72 3 1
opencom/internal/ipc/server.go:174.96,178.2 3 1
opencom/internal/ipc/transport.go:15.59,19.16 4 0
opencom/internal/ipc/transport.go:19.16,21.3 1 0
opencom/internal/ipc/transport.go:22.2,23.13 2 0
opencom/internal/ipc/transport_unix.go:21.48,24.82 1 1
opencom/internal/ipc/transport_unix.go:24.82,27.3 2 0
opencom/internal/ipc/transport_unix.go:29.2,29.75 1 1
opencom/internal/ipc/transport_unix.go:29.75,31.3 1 0
opencom/internal/ipc/transport_unix.go:32.2,33.16 2 1
opencom/internal/ipc/transport_unix.go:33.16,35.3 1 0
opencom/internal/ipc/transport_unix.go:36.2,36.46 1 1
opencom/internal/ipc/transport_unix.go:36.46,39.3 2 0
opencom/internal/ipc/transport_unix.go:40.2,40.16 1 1
opencom/internal/ipc/transport_unix.go:44.72,47.16 3 1
opencom/internal/ipc/transport_unix.go:47.16,49.3 1 1
opencom/internal/ipc/transport_unix.go:50.2,50.18 1 1
opencom/internal/ipc/methods/calls.go:90.28,92.2 1 1
opencom/internal/ipc/methods/calls.go:97.88,98.77 1 1
opencom/internal/ipc/methods/calls.go:98.77,100.49 2 1
opencom/internal/ipc/methods/calls.go:100.49,102.4 1 0
opencom/internal/ipc/methods/calls.go:103.3,103.21 1 1
opencom/internal/ipc/methods/calls.go:103.21,105.4 1 0
opencom/internal/ipc/methods/calls.go:107.3,108.17 2 1
opencom/internal/ipc/methods/calls.go:108.17,110.4 1 1
opencom/internal/ipc/methods/calls.go:112.3,113.18 2 1
opencom/internal/ipc/methods/calls.go:113.18,115.4 1 0
opencom/internal/ipc/methods/calls.go:117.3,118.17 2 1
opencom/internal/ipc/methods/calls.go:118.17,120.4 1 0
opencom/internal/ipc/methods/calls.go:122.3,128.9 3 1
opencom/internal/ipc/methods/calls.go:135.74,136.73 1 1
opencom/internal/ipc/methods/calls.go:136.73,139.25 3 1
opencom/internal/ipc/methods/calls.go:139.25,147.27 2 1
opencom/internal/ipc/methods/calls.go:147.27,148.52 1 0
opencom/internal/ipc/methods/calls.go:148.52,154.6 5 0
opencom/internal/ipc/methods/calls.go:156.4,156.40 1 1
opencom/internal/ipc/methods/calls.go:158.3,158.18 1 1
opencom/internal/ipc/methods/calls.go:164.49,165.77 1 1
opencom/internal/ipc/methods/calls.go:165.77,167.49 2 1
opencom/internal/ipc/methods/calls.go:167.49,169.4 1 0
opencom/internal/ipc/methods/calls.go:170.3,171.10 2 1
opencom/internal/ipc/methods/calls.go:171.10,173.4 1 1
opencom/internal/ipc/methods/calls.go:174.3,175.18 2 1
opencom/internal/ipc/methods/calls.go:175.18,177.4 1 0
opencom/internal/ipc/methods/calls.go:178.3,180.55 3 1
opencom/internal/ipc/methods/calls.go:187.90,188.75 1 1
opencom/internal/ipc/methods/calls.go:188.75,190.49 2 1
opencom/internal/ipc/methods/calls.go:190.49,192.4 1 0
opencom/internal/ipc/methods/calls.go:193.3,193.19 1 1
opencom/internal/ipc/methods/calls.go:194.15,195.25 1 0
opencom/internal/ipc/methods/calls.go:195.25,197.5 1 0
opencom/internal/ipc/methods/calls.go:198.4,198.44 1 0
opencom/internal/ipc/methods/calls.go:198.44,200.5 1 0
opencom/internal/ipc/methods/calls.go:201.4,201.52 1 0
opencom/internal/ipc/methods/calls.go:202.17,203.25 1 0
opencom/internal/ipc/methods/calls.go:203.25,205.5 1 0
opencom/internal/ipc/methods/calls.go:206.4,206.45 1 0
opencom/internal/ipc/methods/calls.go:206.45,208.5 1 0
opencom/internal/ipc/methods/calls.go:209.4,209.54 1 0
opencom/internal/ipc/methods/calls.go:211.3,212.10 2 1
opencom/internal/ipc/methods/calls.go:212.10,214.4 1 1
opencom/internal/ipc/methods/calls.go:215.3,215.19 1 1
opencom/internal/ipc/methods/calls.go:216.17,217.40 1 1
opencom/internal/ipc/methods/calls.go:217.40,219.5 1 0
opencom/internal/ipc/methods/calls.go:220.17,221.50 1 1
opencom/internal/ipc/methods/calls.go:221.50,223.5 1 0
opencom/internal/ipc/methods/calls.go:224.11,226.92 1 1
opencom/internal/ipc/methods/calls.go:228.3,228.36 1 1
opencom/internal/ipc/methods/calls.go:240.74,241.18 1 1
opencom/internal/ipc/methods/calls.go:241.18,242.37 1 1
opencom/internal/ipc/methods/calls.go:242.37,244.4 1 1
opencom/internal/ipc/methods/calls.go:246.2,247.16 2 1
opencom/internal/ipc/methods/calls.go:247.16,249.3 1 0
opencom/internal/ipc/methods/calls.go:250.2,250.29 1 1
opencom/internal/ipc/methods/calls.go:250.29,253.3 1 0
opencom/internal/ipc/methods/calls.go:254.2,255.45 1 1
opencom/internal/ipc/methods/calls.go:261.37,262.17 1 1
opencom/internal/ipc/methods/calls.go:262.17,264.3 1 1
opencom/internal/ipc/methods/calls.go:265.2,265.9 1 0
opencom/internal/ipc/methods/calls.go:266.38,267.14 1 0
opencom/internal/ipc/methods/calls.go:268.72,269.14 1 0
opencom/internal/ipc/methods/calls.go:271.2,271.14 1 0
opencom/internal/ipc/methods/calls.go:285.69,295.47 4 1
opencom/internal/ipc/methods/calls.go:295.47,298.3 2 0
opencom/internal/ipc/methods/calls.go:299.2,299.12 1 1
opencom/internal/ipc/methods/calls.go:299.12,302.7 3 1
opencom/internal/ipc/methods/calls.go:302.7,303.11 1 1
opencom/internal/ipc/methods/calls.go:304.23,305.11 1 1
opencom/internal/ipc/methods/calls.go:306.28,307.12 1 1
opencom/internal/ipc/methods/calls.go:307.12,309.6 1 0
opencom/internal/ipc/methods/calls.go:310.5,310.14 1 1
opencom/internal/ipc/methods/calls.go:310.14,312.35 2 1
opencom/internal/ipc/methods/calls.go:312.35,314.15 1 0
opencom/internal/ipc/methods/calls.go:317.5,318.45 2 1
opencom/internal/ipc/methods/calls.go:318.45,320.6 1 0
opencom/internal/ipc/methods/daemon.go:31.146,32.73 1 1
opencom/internal/ipc/methods/daemon.go:32.73,34.25 2 1
opencom/internal/ipc/methods/daemon.go:34.25,36.20 2 1
opencom/internal/ipc/methods/daemon.go:36.20,38.5 1 1
opencom/internal/ipc/methods/daemon.go:40.3,41.26 2 1
opencom/internal/ipc/methods/daemon.go:41.26,43.4 1 1
opencom/internal/ipc/methods/daemon.go:44.3,51.9 1 1
opencom/internal/ipc/methods/daemon.go:58.60,59.73 1 1
opencom/internal/ipc/methods/daemon.go:59.73,62.3 2 1
opencom/internal/ipc/methods/friends.go:84.51,85.75 1 1
opencom/internal/ipc/methods/friends.go:85.75,87.19 2 1
opencom/internal/ipc/methods/friends.go:87.19,88.50 1 1
opencom/internal/ipc/methods/friends.go:88.50,90.5 1 0
opencom/internal/ipc/methods/friends.go:92.3,92.22 1 1
opencom/internal/ipc/methods/friends.go:92.22,94.4 1 1
opencom/internal/ipc/methods/friends.go:95.3,96.17 2 1
opencom/internal/ipc/methods/friends.go:96.17,98.4 1 0
opencom/internal/ipc/methods/friends.go:99.3,100.17 2 1
opencom/internal/ipc/methods/friends.go:100.17,102.4 1 0
opencom/internal/ipc/methods/friends.go:103.3,104.17 2 1
opencom/internal/ipc/methods/friends.go:104.17,106.4 1 1
opencom/internal/ipc/methods/friends.go:107.3,107.17 1 1
opencom/internal/ipc/methods/friends.go:107.17,109.4 1 0
opencom/internal/ipc/methods/friends.go:110.3,117.38 2 1
opencom/internal/ipc/methods/friends.go:117.38,119.4 1 0
opencom/internal/ipc/methods/friends.go:120.3,124.9 1 1
opencom/internal/ipc/methods/friends.go:130.80,131.73 1 1
opencom/internal/ipc/methods/friends.go:131.73,134.25 3 1
opencom/internal/ipc/methods/friends.go:134.25,142.4 1 1
opencom/internal/ipc/methods/friends.go:143.3,143.18 1 1
opencom/internal/ipc/methods/friends.go:148.54,149.75 1 1
opencom/internal/ipc/methods/friends.go:149.75,151.49 2 1
opencom/internal/ipc/methods/friends.go:151.49,153.4 1 0
opencom/internal/ipc/methods/friends.go:154.3,154.46 1 1
opencom/internal/ipc/methods/friends.go:154.46,155.49 1 1
opencom/internal/ipc/methods/friends.go:155.49,157.5 1 1
opencom/internal/ipc/methods/friends.go:158.4,158.67 1 0
opencom/internal/ipc/methods/friends.go:160.3,160.51 1 1
opencom/internal/ipc/methods/friends.go:165.54,166.75 1 1
opencom/internal/ipc/methods/friends.go:166.75,168.49 2 1
opencom/internal/ipc/methods/friends.go:168.49,170.4 1 0
opencom/internal/ipc/methods/friends.go:171.3,171.57 1 1
opencom/internal/ipc/methods/friends.go:171.57,172.49 1 0
opencom/internal/ipc/methods/friends.go:172.49,174.5 1 0
opencom/internal/ipc/methods/friends.go:175.4,175.67 1 0
opencom/internal/ipc/methods/friends.go:177.3,177.68 1 1
opencom/internal/ipc/methods/friends.go:182.80,183.75 1 1
opencom/internal/ipc/methods/friends.go:183.75,185.49 2 1
opencom/internal/ipc/methods/friends.go:185.49,187.4 1 0
opencom/internal/ipc/methods/friends.go:188.3,189.10 2 1
opencom/internal/ipc/methods/friends.go:189.10,191.4 1 0
opencom/internal/ipc/methods/friends.go:192.3,199.9 1 1
opencom/internal/ipc/methods/friends.go:206.71,207.75 1 1
opencom/internal/ipc/methods/friends.go:207.75,209.18 2 1
opencom/internal/ipc/methods/friends.go:209.18,211.4 1 0
opencom/internal/ipc/methods/friends.go:212.3,215.13 3 1
opencom/internal/ipc/methods/friends.go:215.13,217.8 2 1
opencom/internal/ipc/methods/friends.go:217.8,218.12 1 1
opencom/internal/ipc/methods/friends.go:219.24,220.12 1 1
opencom/internal/ipc/methods/friends.go:221.29,222.13 1 1
opencom/internal/ipc/methods/friends.go:222.13,224.7 1 0
opencom/internal/ipc/methods/friends.go:225.6,225.55 1 1
opencom/internal/ipc/methods/friends.go:230.3,230.68 1 1
opencom/internal/ipc/methods/friends.go:239.33,241.2 1 1
opencom/internal/ipc/methods/identity.go:26.70,27.73 1 1
opencom/internal/ipc/methods/identity.go:27.73,31.17 2 1
opencom/internal/ipc/methods/identity.go:31.17,33.4 1 0
opencom/internal/ipc/methods/identity.go:34.3,38.9 1 1
opencom/internal/ipc/methods/invite.go:81.84,82.77 1 0
opencom/internal/ipc/methods/invite.go:82.77,84.19 2 0
opencom/internal/ipc/methods/invite.go:84.19,85.50 1 0
opencom/internal/ipc/methods/invite.go:85.50,87.5 1 0
opencom/internal/ipc/methods/invite.go:89.3,90.18 2 0
opencom/internal/ipc/methods/invite.go:90.18,92.18 2 0
opencom/internal/ipc/methods/invite.go:92.18,94.5 1 0
opencom/internal/ipc/methods/invite.go:95.4,95.11 1 0
opencom/internal/ipc/methods/invite.go:97.3,98.17 2 0
opencom/internal/ipc/methods/invite.go:98.17,100.4 1 0
opencom/internal/ipc/methods/invite.go:101.3,102.28 2 0
opencom/internal/ipc/methods/invite.go:102.28,104.4 1 0
opencom/internal/ipc/methods/invite.go:105.3,111.31 2 0
opencom/internal/ipc/methods/invite.go:111.31,113.4 1 0
opencom/internal/ipc/methods/invite.go:114.3,114.18 1 0
opencom/internal/ipc/methods/invite.go:120.50,121.73 1 1
opencom/internal/ipc/methods/invite.go:121.73,125.25 4 1
opencom/internal/ipc/methods/invite.go:125.25,135.4 2 1
opencom/internal/ipc/methods/invite.go:136.3,136.18 1 1
opencom/internal/ipc/methods/invite.go:143.52,144.75 1 0
opencom/internal/ipc/methods/invite.go:144.75,146.49 2 0
opencom/internal/ipc/methods/invite.go:146.49,148.4 1 0
opencom/internal/ipc/methods/invite.go:149.3,150.17 2 0
opencom/internal/ipc/methods/invite.go:150.17,152.4 1 0
opencom/internal/ipc/methods/invite.go:153.3,153.21 1 0
opencom/internal/ipc/methods/invite.go:153.21,155.4 1 0
opencom/internal/ipc/methods/invite.go:156.3,156.54 1 0
opencom/internal/ipc/methods/invite.go:164.52,165.77 1 0
opencom/internal/ipc/methods/invite.go:165.77,167.49 2 0
opencom/internal/ipc/methods/invite.go:167.49,169.4 1 0
opencom/internal/ipc/methods/invite.go:170.3,172.38 3 0
opencom/internal/ipc/methods/invite.go:172.38,174.4 1 0
opencom/internal/ipc/methods/invite.go:174.9,176.18 2 0
opencom/internal/ipc/methods/invite.go:176.18,178.5 1 0
opencom/internal/ipc/methods/invite.go:179.4,179.35 1 0
opencom/internal/ipc/methods/invite.go:181.3,181.20 1 0
opencom/internal/ipc/methods/invite.go:181.20,183.4 1 0
opencom/internal/ipc/methods/invite.go:184.3,188.10 1 0
opencom/internal/ipc/methods/status.go:39.15,40.73 1 1
opencom/internal/ipc/methods/status.go:40.73,43.17 3 1
opencom/internal/ipc/methods/status.go:43.17,45.4 1 0
opencom/internal/ipc/methods/status.go:46.3,50.17 4 1
opencom/internal/ipc/methods/status.go:50.17,52.4 1 0
opencom/internal/ipc/methods/status.go:53.3,57.17 4 1
opencom/internal/ipc/methods/status.go:57.17,59.4 1 0
opencom/internal/ipc/methods/status.go:60.3,64.17 4 1
opencom/internal/ipc/methods/status.go:64.17,66.4 1 0
opencom/internal/ipc/methods/status.go:67.3,74.9 2 1
opencom/internal/app/daemon.go:31.50,32.47 1 1
opencom/internal/app/daemon.go:33.18,34.27 1 1
opencom/internal/app/daemon.go:35.16,36.29 1 0
opencom/internal/app/daemon.go:37.16,38.29 1 0
opencom/internal/app/daemon.go:39.10,40.90 1 0
opencom/internal/app/daemon.go:46.64,47.47 1 1
opencom/internal/app/daemon.go:48.18,49.42 1 0
opencom/internal/app/daemon.go:50.17,51.42 1 1
opencom/internal/app/daemon.go:52.16,53.41 1 0
opencom/internal/app/daemon.go:54.10,55.110 1 0
opencom/internal/app/daemon.go:74.87,77.26 3 1
opencom/internal/app/daemon.go:77.26,79.17 2 1
opencom/internal/app/daemon.go:79.17,82.12 2 0
opencom/internal/app/daemon.go:84.3,85.17 2 1
opencom/internal/app/daemon.go:85.17,88.12 2 0
opencom/internal/app/daemon.go:90.3,90.42 1 1
opencom/internal/app/daemon.go:90.42,92.4 1 1
opencom/internal/app/daemon.go:92.9,96.4 3 1
opencom/internal/app/daemon.go:98.2,99.27 2 1
opencom/internal/app/daemon.go:99.27,101.3 1 1
opencom/internal/app/daemon.go:102.2,102.12 1 1
opencom/internal/app/daemon.go:110.51,111.73 1 1
opencom/internal/app/daemon.go:111.73,112.49 1 1
opencom/internal/app/daemon.go:112.49,114.4 1 0
opencom/internal/app/daemon.go:117.2,118.16 2 1
opencom/internal/app/daemon.go:118.16,120.3 1 0
opencom/internal/app/daemon.go:121.2,124.16 3 1
opencom/internal/app/daemon.go:124.16,126.3 1 0
opencom/internal/app/daemon.go:128.2,129.16 2 1
opencom/internal/app/daemon.go:129.16,131.3 1 0
opencom/internal/app/daemon.go:133.2,134.23 2 1
opencom/internal/app/daemon.go:134.23,136.3 1 1
opencom/internal/app/daemon.go:137.2,138.19 2 1
opencom/internal/app/daemon.go:138.19,140.3 1 1
opencom/internal/app/daemon.go:146.2,147.54 2 1
opencom/internal/app/daemon.go:147.54,153.5 1 0
opencom/internal/app/daemon.go:153.5,155.18 2 0
opencom/internal/app/daemon.go:155.18,157.5 1 0
opencom/internal/app/daemon.go:158.4,158.40 1 0
opencom/internal/app/daemon.go:162.2,163.16 2 1
opencom/internal/app/daemon.go:163.16,166.3 1 0
opencom/internal/app/daemon.go:167.2,168.16 2 1
opencom/internal/app/daemon.go:168.16,171.3 1 0
opencom/internal/app/daemon.go:173.2,181.16 2 1
opencom/internal/app/daemon.go:181.16,183.3 1 0
opencom/internal/app/daemon.go:191.2,191.26 1 1
opencom/internal/app/daemon.go:191.26,196.3 1 0
opencom/internal/app/daemon.go:197.2,197.22 1 1
opencom/internal/app/daemon.go:197.22,202.3 1 0
opencom/internal/app/daemon.go:203.2,205.65 2 1
opencom/internal/app/daemon.go:205.65,207.3 1 0
opencom/internal/app/daemon.go:208.2,208.70 1 1
opencom/internal/app/daemon.go:208.70,210.3 1 0
opencom/internal/app/daemon.go:211.2,211.15 1 1
opencom/internal/app/daemon.go:211.15,212.71 1 1
opencom/internal/app/daemon.go:212.71,214.4 1 0
opencom/internal/app/daemon.go:217.2,218.25 1 1
opencom/internal/app/daemon.go:218.25,221.4 2 1
opencom/internal/app/daemon.go:222.20,222.47 1 0
opencom/internal/app/daemon.go:223.20,223.48 1 0
opencom/internal/app/daemon.go:226.2,234.16 2 1
opencom/internal/app/daemon.go:234.16,236.3 1 0
opencom/internal/app/daemon.go:238.2,246.16 2 1
opencom/internal/app/daemon.go:246.16,248.3 1 0
opencom/internal/app/daemon.go:253.2,263.24 7 1
opencom/internal/app/daemon.go:263.24,277.17 2 0
opencom/internal/app/daemon.go:277.17,279.4 1 0
opencom/internal/app/daemon.go:280.3,285.76 4 0
opencom/internal/app/daemon.go:291.2,293.21 3 1
opencom/internal/app/daemon.go:293.21,296.3 2 0
opencom/internal/app/daemon.go:298.2,308.16 2 1
opencom/internal/app/daemon.go:308.16,310.3 1 0
opencom/internal/app/daemon.go:311.2,314.23 3 1
opencom/internal/app/daemon.go:314.23,316.17 2 1
opencom/internal/app/daemon.go:316.17,318.4 1 0
opencom/internal/app/daemon.go:318.9,319.17 1 1
opencom/internal/app/daemon.go:319.17,319.35 1 1
opencom/internal/app/daemon.go:323.2,324.16 2 1
opencom/internal/app/daemon.go:324.16,326.3 1 1
opencom/internal/app/daemon.go:327.2,332.12 4 1
opencom/internal/app/daemon.go:332.12,333.44 1 1
opencom/internal/app/daemon.go:333.44,335.4 1 0
opencom/internal/app/daemon.go:341.2,342.16 2 1
opencom/internal/app/daemon.go:342.16,344.3 1 0
opencom/internal/app/daemon.go:344.8,345.13 1 1
opencom/internal/app/daemon.go:345.13,347.8 2 1
opencom/internal/app/daemon.go:347.8,348.12 1 1
opencom/internal/app/daemon.go:349.23,350.12 1 1
opencom/internal/app/daemon.go:351.35,352.13 1 1
opencom/internal/app/daemon.go:352.13,354.7 1 0
opencom/internal/app/daemon.go:355.6,355.55 1 1
opencom/internal/app/daemon.go:355.55,357.7 1 0
opencom/internal/app/daemon.go:363.2,380.36 15 1
opencom/internal/app/daemon.go:380.36,383.24 3 0
opencom/internal/app/daemon.go:383.24,385.4 1 0
opencom/internal/app/daemon.go:386.3,386.13 1 0
opencom/internal/app/daemon.go:388.2,403.12 9 1
opencom/internal/app/pidfile.go:17.56,18.48 1 1
opencom/internal/app/pidfile.go:18.48,23.54 3 1
opencom/internal/app/pidfile.go:23.54,25.4 1 1
opencom/internal/app/pidfile.go:27.3,27.76 1 1
opencom/internal/app/pidfile.go:27.76,29.4 1 0
opencom/internal/app/pidfile.go:33.2,34.16 2 1
opencom/internal/app/pidfile.go:34.16,36.3 1 0
opencom/internal/app/pidfile.go:37.2,38.55 2 1
opencom/internal/app/pidfile.go:38.55,42.3 3 0
opencom/internal/app/pidfile.go:43.2,43.34 1 1
opencom/internal/app/pidfile.go:43.34,46.3 2 0
opencom/internal/app/pidfile.go:47.2,47.22 1 1
opencom/internal/app/pidfile.go:47.22,49.51 2 1
opencom/internal/app/pidfile.go:49.51,51.4 1 0
opencom/internal/app/pidfile.go:52.3,52.13 1 1
opencom/internal/app/pidfile.go:60.37,62.16 2 1
opencom/internal/app/pidfile.go:62.16,64.3 1 0
opencom/internal/app/pidfile.go:65.2,65.55 1 1
opencom/internal/app/pidfile.go:65.55,67.3 1 1
opencom/internal/app/pidfile.go:68.2,68.13 1 1
opencom/internal/friends/presence.go:34.50,35.16 1 1
opencom/internal/friends/presence.go:35.16,37.3 1 0
opencom/internal/friends/presence.go:38.2,43.3 1 1
opencom/internal/friends/presence.go:48.43,50.2 1 1
opencom/internal/friends/presence.go:54.44,56.2 1 1
opencom/internal/friends/presence.go:58.56,65.23 3 1
opencom/internal/friends/presence.go:65.23,68.3 2 1
opencom/internal/friends/presence.go:69.2,75.14 6 1
opencom/internal/friends/presence.go:75.14,77.3 1 1
opencom/internal/friends/presence.go:78.2,79.17 2 1
opencom/internal/friends/presence.go:83.46,87.2 3 1
opencom/internal/friends/presence.go:91.51,95.2 3 1
opencom/internal/friends/presence.go:104.60,112.2 7 1
opencom/internal/friends/presence.go:116.40,119.30 3 1
opencom/internal/friends/presence.go:119.30,122.3 2 1
opencom/internal/friends/presence.go:125.48,128.28 3 1
opencom/internal/friends/presence.go:128.28,129.10 1 1
opencom/internal/friends/presence.go:130.17,130.17 0 1
opencom/internal/friends/presence.go:131.11,131.11 0 0
opencom/internal/friends/store.go:54.40,57.16 3 1
opencom/internal/friends/store.go:57.16,58.38 1 1
opencom/internal/friends/store.go:58.38,60.4 1 0
opencom/internal/friends/store.go:61.3,61.81 1 1
opencom/internal/friends/store.go:61.81,63.4 1 0
opencom/internal/friends/store.go:64.3,64.16 1 1
opencom/internal/friends/store.go:66.2,66.57 1 1
opencom/internal/friends/store.go:66.57,68.3 1 0
opencom/internal/friends/store.go:71.2,71.22 1 1
opencom/internal/friends/store.go:71.22,73.3 1 0
opencom/internal/friends/store.go:74.2,74.15 1 1
opencom/internal/friends/store.go:79.37,82.37 3 1
opencom/internal/friends/store.go:82.37,83.30 1 1
opencom/internal/friends/store.go:83.30,85.4 1 1
opencom/internal/friends/store.go:86.3,86.34 1 1
opencom/internal/friends/store.go:86.34,88.4 1 1
opencom/internal/friends/store.go:90.2,91.26 2 1
opencom/internal/friends/store.go:95.33,100.38 5 1
opencom/internal/friends/store.go:100.38,100.74 1 1
opencom/internal/friends/store.go:101.2,101.12 1 1
opencom/internal/friends/store.go:105.49,108.30 3 1
opencom/internal/friends/store.go:108.30,109.21 1 1
opencom/internal/friends/store.go:109.21,111.4 1 1
opencom/internal/friends/store.go:113.2,113.24 1 1
opencom/internal/friends/store.go:117.56,120.30 3 1
opencom/internal/friends/store.go:120.30,121.21 1 1
opencom/internal/friends/store.go:121.21,123.4 1 1
opencom/internal/friends/store.go:125.2,125.24 1 0
opencom/internal/friends/store.go:130.43,133.30 3 1
opencom/internal/friends/store.go:133.30,134.21 1 1
opencom/internal/friends/store.go:134.21,137.4 2 1
opencom/internal/friends/store.go:139.2,139.54 1 1
opencom/internal/friends/store.go:145.55,149.30 4 1
opencom/internal/friends/store.go:149.30,150.24 1 1
opencom/internal/friends/store.go:150.24,152.4 1 1
opencom/internal/friends/store.go:153.3,153.24 1 1
opencom/internal/friends/store.go:153.24,155.4 1 1
opencom/internal/friends/store.go:157.2,157.13 1 1
opencom/internal/friends/store.go:157.13,159.3 1 0
opencom/internal/friends/store.go:160.2,161.26 2 1
opencom/internal/friends/store.go:167.37,171.30 4 1
opencom/internal/friends/store.go:171.30,173.3 1 1
opencom/internal/friends/store.go:174.2,174.12 1 1
opencom/internal/friends/store.go:178.39,180.16 2 1
opencom/internal/friends/store.go:180.16,182.3 1 0
opencom/internal/friends/store.go:183.2,184.56 2 1
opencom/internal/transport/p2p/discovery.go:20.77,21.23 1 1
opencom/internal/transport/p2p/discovery.go:21.23,23.3 1 0
opencom/internal/transport/p2p/discovery.go:24.2,26.36 3 1
opencom/internal/transport/p2p/discovery.go:26.36,28.3 1 0
opencom/internal/transport/p2p/discovery.go:29.2,29.23 1 1
opencom/internal/transport/p2p/discovery.go:39.57,43.12 2 1
opencom/internal/transport/p2p/discovery.go:43.12,47.3 3 1
opencom/internal/transport/p2p/discovery.go:87.71,88.32 1 0
opencom/internal/transport/p2p/discovery.go:88.32,89.28 1 0
opencom/internal/transport/p2p/discovery.go:89.28,89.42 1 0
opencom/internal/transport/p2p/discovery.go:91.2,91.31 1 0
opencom/internal/transport/p2p/discovery.go:91.31,91.45 1 0
opencom/internal/transport/p2p/discovery.go:96.51,99.25 3 1
opencom/internal/transport/p2p/discovery.go:99.25,101.3 1 0
opencom/internal/transport/p2p/discovery.go:102.2,102.17 1 1
opencom/internal/transport/p2p/discovery.go:105.57,107.41 2 1
opencom/internal/transport/p2p/discovery.go:107.41,109.17 2 1
opencom/internal/transport/p2p/discovery.go:109.17,111.4 1 0
opencom/internal/transport/p2p/discovery.go:112.3,113.17 2 1
opencom/internal/transport/p2p/discovery.go:113.17,115.4 1 0
opencom/internal/transport/p2p/discovery.go:116.3,116.27 1 1
opencom/internal/transport/p2p/discovery.go:118.2,118.17 1 1
opencom/internal/transport/p2p/host.go:104.64,105.25 1 1
opencom/internal/transport/p2p/host.go:105.25,107.3 1 1
opencom/internal/transport/p2p/host.go:108.2,109.22 2 1
opencom/internal/transport/p2p/host.go:109.22,116.5 1 1
opencom/internal/transport/p2p/host.go:116.5,118.18 2 1
opencom/internal/transport/p2p/host.go:118.18,120.5 1 0
opencom/internal/transport/p2p/host.go:121.4,121.30 1 1
opencom/internal/transport/p2p/host.go:130.2,131.23 2 1
opencom/internal/transport/p2p/host.go:131.23,133.3 1 1
opencom/internal/transport/p2p/host.go:137.2,138.19 2 1
opencom/internal/transport/p2p/host.go:138.19,140.17 2 1
opencom/internal/transport/p2p/host.go:140.17,142.4 1 0
opencom/internal/transport/p2p/host.go:143.3,143.14 1 1
opencom/internal/transport/p2p/host.go:146.2,160.65 2 1
opencom/internal/transport/p2p/host.go:160.65,185.4 3 1
opencom/internal/transport/p2p/host.go:187.2,187.21 1 1
opencom/internal/transport/p2p/host.go:187.21,192.3 1 1
opencom/internal/transport/p2p/host.go:196.2,196.32 1 1
opencom/internal/transport/p2p/host.go:197.35,198.69 1 0
opencom/internal/transport/p2p/host.go:199.34,200.68 1 0
opencom/internal/transport/p2p/host.go:202.2,203.16 2 1
opencom/internal/transport/p2p/host.go:203.16,205.3 1 0
opencom/internal/transport/p2p/host.go:206.2,206.17 1 1
opencom/internal/transport/p2p/host.go:206.17,209.3 2 0
opencom/internal/transport/p2p/host.go:211.2,219.21 4 1
opencom/internal/transport/p2p/host.go:225.50,227.16 2 1
opencom/internal/transport/p2p/host.go:227.16,228.17 1 0
opencom/internal/transport/p2p/host.go:228.18,228.19 0 0
opencom/internal/transport/p2p/host.go:230.2,230.12 1 1
opencom/internal/transport/p2p/host.go:230.12,231.29 1 1
opencom/internal/transport/p2p/host.go:231.29,236.4 4 0
opencom/internal/transport/p2p/host.go:238.2,238.16 1 1
opencom/internal/transport/p2p/host.go:238.16,238.35 1 1
opencom/internal/transport/p2p/host.go:242.29,242.48 1 1
opencom/internal/transport/p2p/host.go:246.39,250.26 4 1
opencom/internal/transport/p2p/host.go:250.26,252.3 1 1
opencom/internal/transport/p2p/host.go:253.2,253.12 1 1
opencom/internal/transport/p2p/host.go:265.45,265.67 1 0
opencom/internal/transport/p2p/host.go:275.45,278.24 3 1
opencom/internal/transport/p2p/host.go:278.24,279.53 1 1
opencom/internal/transport/p2p/host.go:279.53,281.4 1 0
opencom/internal/transport/p2p/host.go:283.2,283.12 1 1
opencom/internal/transport/p2p/host.go:289.46,290.34 1 1
opencom/internal/transport/p2p/host.go:290.34,291.30 1 1
opencom/internal/transport/p2p/host.go:291.30,293.4 1 0
opencom/internal/transport/p2p/host.go:295.2,295.14 1 1
opencom/internal/transport/p2p/host.go:299.71,301.2 1 1
opencom/internal/transport/p2p/host.go:306.83,307.19 1 1
opencom/internal/transport/p2p/host.go:307.19,308.31 1 0
opencom/internal/transport/p2p/host.go:308.31,308.46 1 0
opencom/internal/transport/p2p/host.go:310.2,314.4 1 1
opencom/internal/transport/p2p/host.go:318.35,318.51 1 1
opencom/internal/transport/p2p/host.go:322.38,325.24 3 1
opencom/internal/transport/p2p/host.go:326.34,327.28 1 0
opencom/internal/transport/p2p/host.go:328.35,329.29 1 0
opencom/internal/transport/p2p/host.go:330.10,331.29 1 1
opencom/internal/transport/p2p/host.go:336.30,337.31 1 1
opencom/internal/transport/p2p/host.go:337.31,339.3 1 1
opencom/internal/transport/p2p/host.go:340.2,340.18 1 1
opencom/internal/transport/p2p/host.go:340.18,342.3 1 1
opencom/internal/transport/p2p/host.go:343.2,343.20 1 1
opencom/internal/transport/p2p/host.go:348.41,348.55 1 1
opencom/internal/transport/p2p/host.go:356.76,356.77 0 0
opencom/internal/transport/p2p/host.go:357.76,357.77 0 1
opencom/internal/transport/p2p/host.go:359.73,361.19 2 1
opencom/internal/transport/p2p/host.go:361.19,363.3 1 0
opencom/internal/transport/p2p/host.go:364.2,364.21 1 1
opencom/internal/transport/p2p/host.go:364.21,366.3 1 1
opencom/internal/transport/p2p/host.go:369.78,371.19 2 1
opencom/internal/transport/p2p/host.go:371.19,373.3 1 0
opencom/internal/transport/p2p/host.go:375.2,375.34 1 1
opencom/internal/transport/p2p/host.go:375.34,377.3 1 0
opencom/internal/transport/p2p/host.go:378.2,378.22 1 1
opencom/internal/transport/p2p/host.go:378.22,380.3 1 0
opencom/internal/transport/p2p/host.go:394.76,394.90 1 0
opencom/internal/transport/p2p/host.go:395.76,395.93 1 0
opencom/internal/transport/p2p/peerstore.go:26.47,31.32 4 1
opencom/internal/transport/p2p/peerstore.go:31.32,32.17 1 1
opencom/internal/transport/p2p/peerstore.go:32.17,33.12 1 1
opencom/internal/transport/p2p/peerstore.go:35.3,36.22 2 1
opencom/internal/transport/p2p/peerstore.go:36.22,37.12 1 0
opencom/internal/transport/p2p/peerstore.go:39.3,40.27 2 1
opencom/internal/transport/p2p/peerstore.go:40.27,42.4 1 1
opencom/internal/transport/p2p/peerstore.go:43.3,43.61 1 1
opencom/internal/transport/p2p/peerstore.go:46.2,47.16 2 1
opencom/internal/transport/p2p/peerstore.go:47.16,49.3 1 0
opencom/internal/transport/p2p/peerstore.go:50.2,51.87 2 1
opencom/internal/transport/p2p/peerstore.go:62.47,65.16 3 1
opencom/internal/transport/p2p/peerstore.go:65.16,66.37 1 1
opencom/internal/transport/p2p/peerstore.go:66.37,68.4 1 1
opencom/internal/transport/p2p/peerstore.go:69.3,69.49 1 0
opencom/internal/transport/p2p/peerstore.go:71.2,72.55 2 1
opencom/internal/transport/p2p/peerstore.go:72.55,74.3 1 0
opencom/internal/transport/p2p/peerstore.go:75.2,76.28 2 1
opencom/internal/transport/p2p/peerstore.go:76.28,78.29 2 1
opencom/internal/transport/p2p/peerstore.go:78.29,80.18 2 1
opencom/internal/transport/p2p/peerstore.go:80.18,81.13 1 0
opencom/internal/transport/p2p/peerstore.go:83.4,83.28 1 1
opencom/internal/transport/p2p/peerstore.go:85.3,85.21 1 1
opencom/internal/transport/p2p/peerstore.go:85.21,87.4 1 1
opencom/internal/transport/p2p/peerstore.go:89.2,89.12 1 1
opencom/internal/discovery/cache.go:49.45,52.36 3 1
opencom/internal/discovery/cache.go:52.36,54.3 1 1
opencom/internal/discovery/cache.go:55.2,55.16 1 1
opencom/internal/discovery/cache.go:55.16,57.3 1 0
opencom/internal/discovery/cache.go:58.2,59.78 2 1
opencom/internal/discovery/cache.go:59.78,62.3 1 1
opencom/internal/discovery/cache.go:63.2,63.30 1 1
opencom/internal/discovery/cache.go:63.30,65.18 2 1
opencom/internal/discovery/cache.go:65.18,67.12 1 0
opencom/internal/discovery/cache.go:69.3,69.30 1 1
opencom/internal/discovery/cache.go:71.2,71.15 1 1
opencom/internal/discovery/cache.go:76.51,80.9 4 1
opencom/internal/discovery/cache.go:80.9,82.3 1 1
opencom/internal/discovery/cache.go:83.2,87.18 2 1
opencom/internal/discovery/cache.go:91.48,96.2 4 1
opencom/internal/discovery/cache.go:99.39,104.2 4 1
opencom/internal/discovery/cache.go:106.25,112.30 5 1
opencom/internal/discovery/cache.go:112.30,114.3 1 1
opencom/internal/discovery/cache.go:115.2,119.16 4 1
opencom/internal/discovery/cache.go:119.16,121.3 1 0
opencom/internal/discovery/cache.go:122.2,123.53 2 1
opencom/internal/discovery/keys.go:39.94,43.16 3 1
opencom/internal/discovery/keys.go:43.16,45.3 1 1
opencom/internal/discovery/keys.go:46.2,47.16 2 1
opencom/internal/discovery/keys.go:47.16,49.3 1 0
opencom/internal/discovery/keys.go:53.2,54.52 2 1
opencom/internal/discovery/keys.go:54.52,56.3 1 1
opencom/internal/discovery/keys.go:58.2,59.16 2 1
opencom/internal/discovery/keys.go:59.16,61.3 1 0
opencom/internal/discovery/keys.go:62.2,63.16 2 1
opencom/internal/discovery/keys.go:63.16,65.3 1 0
opencom/internal/discovery/keys.go:67.2,68.16 2 1
opencom/internal/discovery/keys.go:68.16,70.3 1 0
opencom/internal/discovery/keys.go:71.2,72.17 2 1
opencom/internal/discovery/keys.go:78.82,80.16 2 1
opencom/internal/discovery/keys.go:80.16,82.3 1 0
opencom/internal/discovery/keys.go:83.2,84.16 2 1
opencom/internal/discovery/keys.go:84.16,86.3 1 0
opencom/internal/discovery/keys.go:87.2,96.55 8 1
opencom/internal/discovery/keys.go:105.51,108.50 3 1
opencom/internal/discovery/keys.go:108.50,110.45 1 0
opencom/internal/discovery/keys.go:112.2,112.12 1 1
opencom/internal/discovery/keys.go:117.51,118.29 1 1
opencom/internal/discovery/keys.go:118.29,120.3 1 1
opencom/internal/discovery/keys.go:121.2,121.13 1 1
opencom/internal/discovery/keys.go:126.69,127.32 1 1
opencom/internal/discovery/keys.go:127.32,129.3 1 1
opencom/internal/discovery/keys.go:130.2,131.16 2 1
opencom/internal/discovery/keys.go:131.16,133.3 1 0
opencom/internal/discovery/keys.go:134.2,134.40 1 1
opencom/internal/discovery/keys.go:134.40,137.3 1 0
opencom/internal/discovery/keys.go:138.2,138.37 1 1
opencom/internal/discovery/keys.go:143.55,144.32 1 1
opencom/internal/discovery/keys.go:144.32,146.3 1 0
opencom/internal/discovery/keys.go:147.2,148.16 2 1
opencom/internal/discovery/keys.go:148.16,150.3 1 0
opencom/internal/discovery/keys.go:151.2,151.39 1 1
opencom/internal/discovery/keys.go:151.39,154.3 1 0
opencom/internal/discovery/keys.go:155.2,155.17 1 1
opencom/internal/discovery/publisher.go:64.62,65.21 1 1
opencom/internal/discovery/publisher.go:65.21,67.3 1 0
opencom/internal/discovery/publisher.go:68.2,68.25 1 1
opencom/internal/discovery/publisher.go:68.25,70.3 1 0
opencom/internal/discovery/publisher.go:71.2,71.49 1 1
opencom/internal/discovery/publisher.go:71.49,73.3 1 0
opencom/internal/discovery/publisher.go:74.2,74.33 1 1
opencom/internal/discovery/publisher.go:74.33,76.3 1 0
opencom/internal/discovery/publisher.go:77.2,77.21 1 1
opencom/internal/discovery/publisher.go:77.21,79.3 1 0
opencom/internal/discovery/publisher.go:80.2,80.31 1 1
opencom/internal/discovery/publisher.go:80.31,82.3 1 1
opencom/internal/discovery/publisher.go:83.2,91.8 1 1
opencom/internal/discovery/publisher.go:100.52,104.6 4 1
opencom/internal/discovery/publisher.go:104.6,105.10 1 1
opencom/internal/discovery/publisher.go:106.21,107.14 1 1
opencom/internal/discovery/publisher.go:108.14,109.26 1 0
opencom/internal/discovery/publisher.go:123.60,125.19 2 1
opencom/internal/discovery/publisher.go:125.19,127.3 1 1
opencom/internal/discovery/publisher.go:128.2,130.26 3 1
opencom/internal/discovery/publisher.go:130.26,132.3 1 1
opencom/internal/discovery/publisher.go:133.2,139.24 2 1
opencom/internal/discovery/publisher.go:139.24,141.17 2 1
opencom/internal/discovery/publisher.go:141.17,145.12 2 1
opencom/internal/discovery/publisher.go:147.3,148.17 2 1
opencom/internal/discovery/publisher.go:148.17,152.12 2 0
opencom/internal/discovery/publisher.go:154.3,155.17 2 1
opencom/internal/discovery/publisher.go:155.17,159.12 2 0
opencom/internal/discovery/publisher.go:161.3,163.17 3 1
opencom/internal/discovery/publisher.go:163.17,167.12 2 0
opencom/internal/discovery/publisher.go:169.3,169.56 1 1
opencom/internal/discovery/publisher.go:169.56,173.12 2 1
opencom/internal/discovery/publisher.go:176.2,176.12 1 1
opencom/internal/discovery/publisher.go:184.61,185.13 1 1
opencom/internal/discovery/publisher.go:185.13,187.3 1 0
opencom/internal/discovery/publisher.go:188.2,189.16 2 1
opencom/internal/discovery/publisher.go:189.16,191.3 1 1
opencom/internal/discovery/publisher.go:192.2,193.16 2 1
opencom/internal/discovery/publisher.go:193.16,195.3 1 0
opencom/internal/discovery/publisher.go:196.2,196.17 1 1
opencom/internal/discovery/record.go:45.79,47.16 2 1
opencom/internal/discovery/record.go:47.16,49.3 1 0
opencom/internal/discovery/record.go:51.2,52.16 2 1
opencom/internal/discovery/record.go:52.16,54.3 1 0
opencom/internal/discovery/record.go:55.2,56.44 2 1
opencom/internal/discovery/record.go:56.44,58.3 1 0
opencom/internal/discovery/record.go:59.2,63.16 4 1
opencom/internal/discovery/record.go:63.16,65.3 1 0
opencom/internal/discovery/record.go:66.2,66.30 1 1
opencom/internal/discovery/record.go:66.30,68.3 1 0
opencom/internal/discovery/record.go:70.2,73.17 4 1
opencom/internal/discovery/record.go:79.106,81.28 2 1
opencom/internal/discovery/record.go:81.28,83.3 1 1
opencom/internal/discovery/record.go:84.2,90.23 6 1
opencom/internal/discovery/record.go:90.23,92.3 1 1
opencom/internal/discovery/record.go:94.2,95.16 2 1
opencom/internal/discovery/record.go:95.16,97.3 1 0
opencom/internal/discovery/record.go:98.2,99.16 2 1
opencom/internal/discovery/record.go:99.16,104.3 1 1
opencom/internal/discovery/record.go:106.2,106.56 1 1
opencom/internal/discovery/record.go:106.56,108.3 1 0
opencom/internal/discovery/record.go:109.2,109.34 1 1
opencom/internal/discovery/record.go:109.34,112.3 1 1
opencom/internal/discovery/record.go:113.2,114.18 2 1
opencom/internal/discovery/record.go:114.18,116.3 1 1
opencom/internal/discovery/record.go:117.2,117.17 1 1
opencom/internal/discovery/resolver.go:57.59,58.21 1 1
opencom/internal/discovery/resolver.go:58.21,60.3 1 0
opencom/internal/discovery/resolver.go:61.2,61.25 1 1
opencom/internal/discovery/resolver.go:61.25,63.3 1 0
opencom/internal/discovery/resolver.go:64.2,64.45 1 1
opencom/internal/discovery/resolver.go:64.45,66.3 1 0
opencom/internal/discovery/resolver.go:67.2,67.21 1 1
opencom/internal/discovery/resolver.go:67.21,69.3 1 0
opencom/internal/discovery/resolver.go:70.2,70.25 1 1
opencom/internal/discovery/resolver.go:70.25,72.3 1 1
opencom/internal/discovery/resolver.go:73.2,73.23 1 1
opencom/internal/discovery/resolver.go:73.23,75.3 1 1
opencom/internal/discovery/resolver.go:76.2,85.8 1 1
opencom/internal/discovery/resolver.go:89.89,90.20 1 1
opencom/internal/discovery/resolver.go:90.20,91.82 1 1
opencom/internal/discovery/resolver.go:91.82,93.4 1 1
opencom/internal/discovery/resolver.go:96.2,97.9 2 1
opencom/internal/discovery/resolver.go:97.9,99.3 1 1
opencom/internal/discovery/resolver.go:100.2,101.16 2 1
opencom/internal/discovery/resolver.go:101.16,103.3 1 0
opencom/internal/discovery/resolver.go:105.2,106.16 2 1
opencom/internal/discovery/resolver.go:106.16,108.3 1 0
opencom/internal/discovery/resolver.go:109.2,110.16 2 1
opencom/internal/discovery/resolver.go:110.16,112.3 1 0
opencom/internal/discovery/resolver.go:114.2,117.16 4 1
opencom/internal/discovery/resolver.go:117.16,126.3 2 1
opencom/internal/discovery/resolver.go:128.2,130.16 3 1
opencom/internal/discovery/resolver.go:130.16,137.3 2 0
opencom/internal/discovery/resolver.go:139.2,139.20 1 1
opencom/internal/discovery/resolver.go:139.20,141.3 1 1
opencom/internal/discovery/resolver.go:142.2,142.44 1 1
opencom/internal/discovery/resolver.go:146.52,147.20 1 1
opencom/internal/discovery/resolver.go:147.20,149.3 1 1
opencom/internal/discovery/resolver.go:153.71,154.29 1 1
opencom/internal/discovery/resolver.go:154.29,155.25 1 1
opencom/internal/discovery/resolver.go:155.25,157.4 1 1
opencom/internal/discovery/resolver.go:159.2,159.32 1 1
opencom/internal/discovery/resolver.go:162.52,164.25 2 1
opencom/internal/discovery/resolver.go:164.25,166.17 2 1
opencom/internal/discovery/resolver.go:166.17,167.12 1 0
opencom/internal/discovery/resolver.go:169.3,169.23 1 1
opencom/internal/discovery/resolver.go:171.2,171.12 1 1
opencom/internal/audio/aec.go:24.41,26.2 1 1
opencom/internal/audio/aec.go:30.51,32.2 1 1
opencom/internal/audio/aec.go:37.42,39.2 1 1
opencom/internal/audio/aec.go:42.24,42.25 0 1
opencom/internal/audio/codec.go:26.56,28.16 2 1
opencom/internal/audio/codec.go:28.16,30.3 1 0
opencom/internal/audio/codec.go:31.2,31.48 1 1
opencom/internal/audio/codec.go:31.48,33.3 1 0
opencom/internal/audio/codec.go:34.2,34.47 1 1
opencom/internal/audio/codec.go:34.47,36.3 1 0
opencom/internal/audio/codec.go:37.2,37.41 1 1
opencom/internal/audio/codec.go:37.41,39.3 1 0
opencom/internal/audio/codec.go:43.2,43.46 1 1
opencom/internal/audio/codec.go:43.46,45.3 1 0
opencom/internal/audio/codec.go:46.2,46.36 1 1
opencom/internal/audio/codec.go:51.59,52.27 1 1
opencom/internal/audio/codec.go:52.27,55.3 1 1
opencom/internal/audio/codec.go:57.2,59.16 3 1
opencom/internal/audio/codec.go:59.16,61.3 1 0
opencom/internal/audio/codec.go:62.2,62.21 1 1
opencom/internal/audio/codec.go:67.32,67.33 0 1
opencom/internal/audio/codec.go:75.45,77.16 2 1
opencom/internal/audio/codec.go:77.16,79.3 1 0
opencom/internal/audio/codec.go:80.2,80.36 1 1
opencom/internal/audio/codec.go:86.59,88.16 2 1
opencom/internal/audio/codec.go:88.16,90.17 2 1
opencom/internal/audio/codec.go:90.17,92.4 1 0
opencom/internal/audio/codec.go:93.3,93.18 1 1
opencom/internal/audio/codec.go:95.2,96.16 2 1
opencom/internal/audio/codec.go:96.16,98.3 1 0
opencom/internal/audio/codec.go:99.2,99.20 1 1
opencom/internal/audio/codec.go:99.20,102.3 1 0
opencom/internal/audio/codec.go:103.2,103.17 1 1
opencom/internal/audio/codec.go:106.32,106.33 0 1
opencom/internal/audio/devices.go:35.56,36.25 1 0
opencom/internal/audio/devices.go:36.25,38.3 1 0
opencom/internal/audio/devices.go:39.2,39.30 1 0
opencom/internal/audio/devices.go:44.39,47.25 3 0
opencom/internal/audio/devices.go:47.25,49.3 1 0
opencom/internal/audio/devices.go:50.2,50.12 1 0
opencom/internal/audio/devices.go:54.45,56.28 2 0
opencom/internal/audio/devices.go:56.28,58.3 1 0
opencom/internal/audio/devices.go:59.2,59.12 1 0
opencom/internal/audio/devices.go:68.58,69.46 1 0
opencom/internal/audio/devices.go:69.46,71.3 1 0
opencom/internal/audio/devices.go:72.2,72.44 1 0
opencom/internal/audio/devices.go:72.44,74.3 1 0
opencom/internal/audio/devices.go:75.2,75.30 1 0
opencom/internal/audio/devices.go:78.64,79.21 1 0
opencom/internal/audio/devices.go:79.21,81.3 1 0
opencom/internal/audio/devices.go:82.2,83.16 2 0
opencom/internal/audio/devices.go:83.16,85.3 1 0
opencom/internal/audio/devices.go:86.2,93.70 6 0
opencom/internal/audio/devices.go:93.70,95.36 1 0
opencom/internal/audio/devices.go:95.36,99.5 1 0
opencom/internal/audio/devices.go:100.4,100.42 1 0
opencom/internal/audio/devices.go:103.2,104.16 2 0
opencom/internal/audio/devices.go:104.16,106.3 1 0
opencom/internal/audio/devices.go:107.2,107.36 1 0
opencom/internal/audio/devices.go:107.36,110.3 2 0
opencom/internal/audio/devices.go:111.2,112.12 2 0
opencom/internal/audio/devices.go:115.32,116.21 1 0
opencom/internal/audio/devices.go:116.21,118.3 1 0
opencom/internal/audio/devices.go:119.2,121.16 3 0
opencom/internal/audio/devices.go:130.54,131.46 1 0
opencom/internal/audio/devices.go:131.46,133.3 1 0
opencom/internal/audio/devices.go:134.2,134.44 1 0
opencom/internal/audio/devices.go:134.44,136.3 1 0
opencom/internal/audio/devices.go:137.2,137.28 1 0
opencom/internal/audio/devices.go:140.56,141.21 1 0
opencom/internal/audio/devices.go:141.21,143.3 1 0
opencom/internal/audio/devices.go:144.2,145.16 2 0
opencom/internal/audio/devices.go:145.16,147.3 1 0
opencom/internal/audio/devices.go:148.2,155.70 6 0
opencom/internal/audio/devices.go:155.70,157.58 2 0
opencom/internal/audio/devices.go:157.58,159.34 1 0
opencom/internal/audio/devices.go:159.34,161.6 1 0
opencom/internal/audio/devices.go:162.5,162.11 1 0
opencom/internal/audio/devices.go:164.4,165.29 2 0
opencom/internal/audio/devices.go:168.2,169.16 2 0
opencom/internal/audio/devices.go:169.16,171.3 1 0
opencom/internal/audio/devices.go:172.2,172.36 1 0
opencom/internal/audio/devices.go:172.36,175.3 2 0
opencom/internal/audio/devices.go:176.2,177.12 2 0
opencom/internal/audio/devices.go:180.30,181.21 1 0
opencom/internal/audio/devices.go:181.21,183.3 1 0
opencom/internal/audio/devices.go:184.2,186.16 3 0
opencom/internal/audio/jitter.go:37.57,43.2 1 1
opencom/internal/audio/jitter.go:47.32,49.2 1 1
opencom/internal/audio/jitter.go:53.59,58.17 4 1
opencom/internal/audio/jitter.go:58.17,61.3 2 1
opencom/internal/audio/jitter.go:61.8,61.42 1 1
opencom/internal/audio/jitter.go:61.42,64.3 2 1
opencom/internal/audio/jitter.go:66.2,69.36 2 1
opencom/internal/audio/jitter.go:69.36,72.28 3 1
opencom/internal/audio/jitter.go:72.28,74.33 2 1
opencom/internal/audio/jitter.go:74.33,77.5 2 1
opencom/internal/audio/jitter.go:79.3,81.27 3 1
opencom/internal/audio/jitter.go:81.27,83.4 1 1
opencom/internal/audio/jitter.go:85.2,85.13 1 1
opencom/internal/audio/jitter.go:91.38,94.17 3 1
opencom/internal/audio/jitter.go:94.17,96.3 1 0
opencom/internal/audio/jitter.go:97.2,97.16 1 1
opencom/internal/audio/jitter.go:97.16,98.39 1 1
opencom/internal/audio/jitter.go:98.39,100.4 1 1
opencom/internal/audio/jitter.go:101.3,101.19 1 1
opencom/internal/audio/jitter.go:103.2,104.8 2 1
opencom/internal/audio/jitter.go:104.8,109.3 4 1
opencom/internal/audio/jitter.go:110.2,112.12 3 1
opencom/internal/audio/jitter.go:116.45,120.2 3 1
opencom/internal/audio/manager.go:46.56,47.21 1 1
opencom/internal/audio/manager.go:47.21,49.3 1 0
opencom/internal/audio/manager.go:50.2,53.8 1 1
opencom/internal/audio/manager.go:58.46,65.6 7 1
opencom/internal/audio/manager.go:65.6,66.10 1 1
opencom/internal/audio/manager.go:67.26,68.10 1 1
opencom/internal/audio/manager.go:69.27,70.11 1 1
opencom/internal/audio/manager.go:70.11,72.5 1 0
opencom/internal/audio/manager.go:73.4,73.20 1 1
opencom/internal/audio/manager.go:74.21,75.33 1 1
opencom/internal/audio/manager.go:76.17,77.32 1 1
opencom/internal/audio/manager.go:84.26,86.21 2 1
opencom/internal/audio/manager.go:86.21,88.3 1 1
opencom/internal/audio/manager.go:89.2,92.29 4 1
opencom/internal/audio/manager.go:92.29,94.3 1 1
opencom/internal/audio/manager.go:97.60,101.9 4 0
opencom/internal/audio/manager.go:101.9,103.3 1 0
opencom/internal/audio/manager.go:104.2,105.13 2 0
opencom/internal/audio/manager.go:108.54,112.9 4 1
opencom/internal/audio/manager.go:112.9,114.3 1 1
opencom/internal/audio/manager.go:115.2,115.24 1 1
opencom/internal/audio/manager.go:118.74,120.51 2 1
opencom/internal/audio/manager.go:120.51,123.3 2 0
opencom/internal/audio/manager.go:124.2,130.24 2 1
opencom/internal/audio/manager.go:130.24,135.3 4 1
opencom/internal/audio/manager.go:138.2,150.16 2 0
opencom/internal/audio/manager.go:150.16,156.3 2 0
opencom/internal/audio/manager.go:157.2,159.15 3 0
opencom/internal/audio/manager.go:169.62,170.24 1 0
opencom/internal/audio/manager.go:170.24,173.3 2 0
opencom/internal/audio/manager.go:174.2,176.14 3 0
opencom/internal/audio/manager.go:179.46,182.8 3 1
opencom/internal/audio/manager.go:182.8,184.3 1 1
opencom/internal/audio/manager.go:185.2,186.8 2 1
opencom/internal/audio/manager.go:186.8,188.3 1 1
opencom/internal/audio/pipeline.go:47.57,49.38 1 1
opencom/internal/audio/pipeline.go:49.38,51.3 1 0
opencom/internal/audio/pipeline.go:52.2,52.22 1 1
opencom/internal/audio/pipeline.go:52.22,54.3 1 0
opencom/internal/audio/pipeline.go:55.2,55.29 1 1
opencom/internal/audio/pipeline.go:55.29,57.3 1 0
opencom/internal/audio/pipeline.go:58.2,58.26 1 1
opencom/internal/audio/pipeline.go:58.26,60.3 1 0
opencom/internal/audio/pipeline.go:61.2,62.16 2 1
opencom/internal/audio/pipeline.go:62.16,64.3 1 0
opencom/internal/audio/pipeline.go:65.2,66.16 2 1
opencom/internal/audio/pipeline.go:66.16,69.3 2 0
opencom/internal/audio/pipeline.go:70.2,78.8 3 1
opencom/internal/audio/pipeline.go:81.41,84.2 2 1
opencom/internal/audio/pipeline.go:87.53,91.56 3 1
opencom/internal/audio/pipeline.go:91.56,93.3 1 0
opencom/internal/audio/pipeline.go:94.2,98.51 3 1
opencom/internal/audio/pipeline.go:98.51,100.3 1 0
opencom/internal/audio/pipeline.go:101.2,104.12 3 1
opencom/internal/audio/pipeline.go:108.43,110.20 2 1
opencom/internal/audio/pipeline.go:110.20,112.3 1 1
opencom/internal/audio/pipeline.go:113.2,114.16 2 1
opencom/internal/audio/pipeline.go:114.16,116.3 1 0
opencom/internal/audio/pipeline.go:117.2,128.16 3 1
opencom/internal/audio/pipeline.go:128.16,131.3 2 0
opencom/internal/audio/pipeline.go:132.2,132.60 1 1
opencom/internal/audio/pipeline.go:132.60,135.3 2 0
opencom/internal/audio/pipeline.go:136.2,136.44 1 1
opencom/internal/audio/pipeline.go:139.50,140.6 1 1
opencom/internal/audio/pipeline.go:140.6,142.17 2 1
opencom/internal/audio/pipeline.go:142.17,144.4 1 1
opencom/internal/audio/pipeline.go:145.3,146.43 2 1
opencom/internal/audio/pipeline.go:146.43,148.12 2 0
opencom/internal/audio/pipeline.go:150.3,153.17 4 1
opencom/internal/audio/pipeline.go:153.17,155.12 2 0
opencom/internal/audio/pipeline.go:157.3,159.24 3 1
opencom/internal/audio/pipeline.go:159.24,161.4 1 0
opencom/internal/audio/pipeline.go:162.3,167.10 4 1
opencom/internal/audio/pipeline.go:168.43,169.26 1 1
opencom/internal/audio/pipeline.go:169.26,171.5 1 0
opencom/internal/audio/pipeline.go:172.11,172.11 0 1
opencom/internal/audio/pipeline.go:177.37,180.23 3 1
opencom/internal/audio/pipeline.go:180.23,182.3 1 1
opencom/internal/audio/pipeline.go:183.2,185.10 3 1
opencom/internal/audio/session.go:48.77,50.16 2 0
opencom/internal/audio/session.go:50.16,52.3 1 0
opencom/internal/audio/session.go:53.2,54.16 2 0
opencom/internal/audio/session.go:54.16,57.3 2 0
opencom/internal/audio/session.go:58.2,59.16 2 0
opencom/internal/audio/session.go:59.16,63.3 3 0
opencom/internal/audio/session.go:64.2,64.60 1 0
opencom/internal/audio/session.go:70.64,71.21 1 1
opencom/internal/audio/session.go:71.21,73.3 1 0
opencom/internal/audio/session.go:74.2,75.16 2 1
opencom/internal/audio/session.go:75.16,78.3 2 0
opencom/internal/audio/session.go:79.2,85.16 3 1
opencom/internal/audio/session.go:85.16,91.3 5 0
opencom/internal/audio/session.go:92.2,98.12 3 1
opencom/internal/audio/session.go:98.12,101.3 2 1
opencom/internal/audio/session.go:102.2,103.15 2 1
opencom/internal/audio/session.go:107.36,110.2 2 1
opencom/internal/audio/session.go:113.33,115.2 1 1
opencom/internal/audio/session.go:127.27,128.21 1 1
opencom/internal/audio/session.go:128.21,130.3 1 1
opencom/internal/audio/session.go:131.2,131.27 1 1
opencom/internal/audio/session.go:131.27,133.3 1 1
opencom/internal/audio/session.go:133.8,136.22 1 1
opencom/internal/audio/session.go:136.22,138.4 1 0
opencom/internal/audio/session.go:139.3,139.20 1 1
opencom/internal/audio/session.go:139.20,141.4 1 0
opencom/internal/audio/session.go:143.2,143.24 1 1
opencom/internal/audio/session.go:143.24,145.3 1 1
opencom/internal/audio/session.go:146.2,146.18 1 1
opencom/internal/audio/session.go:146.18,148.3 1 1
opencom/internal/audio/session.go:153.52,156.6 3 1
opencom/internal/audio/session.go:156.6,157.10 1 1
opencom/internal/audio/session.go:158.21,159.10 1 1
opencom/internal/audio/session.go:160.15,162.76 2 1
opencom/internal/audio/stats.go:42.32,44.2 1 1
opencom/internal/audio/stats.go:48.61,52.21 4 1
opencom/internal/audio/stats.go:52.21,54.3 1 1
opencom/internal/audio/stats.go:55.2,55.15 1 1
opencom/internal/audio/stats.go:58.40,60.2 1 0
opencom/internal/audio/stats.go:63.44,67.21 4 1
opencom/internal/audio/stats.go:67.21,69.3 1 1
opencom/internal/audio/stats.go:70.2,70.15 1 1
opencom/internal/audio/stats.go:73.40,75.2 1 1
opencom/internal/audio/stats.go:78.47,82.2 3 0
opencom/internal/audio/stats.go:84.52,88.2 3 1
opencom/internal/audio/stats.go:90.38,94.2 3 1
opencom/internal/audio/stats.go:96.42,100.2 3 1
opencom/internal/audio/stats.go:104.38,123.2 6 1
opencom/internal/audio/stats.go:127.32,129.24 2 1
opencom/internal/audio/stats.go:129.24,131.12 2 1
opencom/internal/audio/stats.go:131.12,133.4 1 1
opencom/internal/audio/stats.go:134.3,134.15 1 1
opencom/internal/audio/stats.go:134.15,136.4 1 1
opencom/internal/audio/stats.go:138.2,138.15 1 1
opencom/internal/audio/stats.go:138.15,140.3 1 1
opencom/internal/audio/stats.go:141.2,142.15 2 1
opencom/internal/audio/stats.go:142.15,144.3 1 0
opencom/internal/audio/stats.go:145.2,145.28 1 1
opencom/internal/audio/transport.go:95.41,97.31 2 1
opencom/internal/audio/transport.go:97.31,99.3 1 1
opencom/internal/audio/transport.go:100.2,102.66 2 1
opencom/internal/audio/transport.go:102.66,106.3 3 1
opencom/internal/audio/transport.go:111.67,115.9 4 1
opencom/internal/audio/transport.go:115.9,118.3 2 0
opencom/internal/audio/transport.go:119.2,120.9 2 1
opencom/internal/audio/transport.go:120.9,123.3 2 1
opencom/internal/audio/transport.go:124.2,124.11 1 1
opencom/internal/audio/transport.go:153.89,156.16 2 1
opencom/internal/audio/transport.go:156.16,158.3 1 0
opencom/internal/audio/transport.go:161.2,162.16 2 1
opencom/internal/audio/transport.go:162.16,164.3 1 0
opencom/internal/audio/transport.go:166.2,183.15 5 1
opencom/internal/audio/transport.go:188.69,189.47 1 1
opencom/internal/audio/transport.go:189.47,191.16 2 1
opencom/internal/audio/transport.go:191.16,193.4 1 1
opencom/internal/audio/transport.go:195.2,195.37 1 0
opencom/internal/audio/transport.go:199.56,201.2 1 1
opencom/internal/audio/transport.go:204.77,206.2 1 1
opencom/internal/audio/transport.go:209.65,213.2 3 1
opencom/internal/audio/transport.go:216.59,218.2 1 1
opencom/internal/audio/transport.go:221.41,223.24 2 1
opencom/internal/audio/transport.go:223.24,225.43 2 1
opencom/internal/audio/transport.go:225.43,227.4 1 0
opencom/internal/audio/transport.go:229.2,229.17 1 1
opencom/internal/audio/transport.go:235.78,238.9 2 1
opencom/internal/audio/transport.go:239.25,239.25 0 1
opencom/internal/audio/transport.go:240.27,242.9 2 0
opencom/internal/audio/transport.go:245.2,245.15 1 1
opencom/internal/audio/transport.go:245.15,248.10 2 1
opencom/internal/audio/transport.go:249.28,249.28 0 1
opencom/internal/audio/transport.go:251.11,251.11 0 0
opencom/internal/audio/transport.go:254.3,254.21 1 1
opencom/internal/audio/transport.go:257.2,259.21 3 1
opencom/internal/audio/transport.go:259.21,261.63 2 1
opencom/internal/audio/transport.go:261.63,262.12 1 0
opencom/internal/audio/transport.go:264.3,264.10 1 1
opencom/internal/audio/transport.go:265.27,265.27 0 1
opencom/internal/audio/transport.go:266.28,267.10 1 0
opencom/internal/cli/add.go:13.33,18.55 1 1
opencom/internal/cli/add.go:18.55,22.18 4 1
opencom/internal/cli/add.go:22.18,24.5 1 0
opencom/internal/cli/add.go:25.4,28.67 3 1
opencom/internal/cli/add.go:28.67,30.5 1 0
opencom/internal/cli/add.go:31.4,34.14 2 1
opencom/internal/cli/call.go:18.34,24.55 2 1
opencom/internal/cli/call.go:24.55,25.22 1 1
opencom/internal/cli/call.go:25.22,27.5 1 0
opencom/internal/cli/call.go:28.4,28.49 1 1
opencom/internal/cli/call.go:31.2,40.12 8 1
opencom/internal/cli/call.go:46.38,51.55 1 1
opencom/internal/cli/call.go:51.55,55.18 4 0
opencom/internal/cli/call.go:55.18,57.5 1 0
opencom/internal/cli/call.go:58.4,60.82 2 0
opencom/internal/cli/call.go:60.82,62.5 1 0
opencom/internal/cli/call.go:63.4,64.14 2 0
opencom/internal/cli/call.go:70.40,75.55 1 1
opencom/internal/cli/call.go:75.55,79.18 4 0
opencom/internal/cli/call.go:79.18,81.5 1 0
opencom/internal/cli/call.go:82.4,84.84 2 0
opencom/internal/cli/call.go:84.84,86.5 1 0
opencom/internal/cli/call.go:87.4,88.14 2 0
opencom/internal/cli/call.go:93.77,95.16 2 1
opencom/internal/cli/call.go:95.16,97.3 1 0
opencom/internal/cli/call.go:99.2,100.16 2 1
opencom/internal/cli/call.go:100.16,103.3 2 0
opencom/internal/cli/call.go:105.2,108.16 3 1
opencom/internal/cli/call.go:108.16,118.17 4 0
opencom/internal/cli/call.go:118.17,120.4 1 0
opencom/internal/cli/call.go:121.3,124.13 4 0
opencom/internal/cli/call.go:127.2,129.57 3 1
opencom/internal/cli/call.go:144.9,146.6 2 1
opencom/internal/cli/call.go:146.6,147.10 1 1
opencom/internal/cli/call.go:148.21,151.20 1 1
opencom/internal/cli/call.go:151.20,156.5 3 1
opencom/internal/cli/call.go:158.4,158.46 1 1
opencom/internal/cli/call.go:158.46,160.5 1 1
opencom/internal/cli/call.go:161.4,161.20 1 0
opencom/internal/cli/call.go:162.31,163.11 1 1
opencom/internal/cli/call.go:163.11,165.5 1 0
opencom/internal/cli/call.go:166.4,171.55 2 1
opencom/internal/cli/call.go:171.55,172.13 1 0
opencom/internal/cli/call.go:174.4,174.46 1 1
opencom/internal/cli/call.go:174.46,176.5 1 1
opencom/internal/cli/call.go:177.4,177.27 1 1
opencom/internal/cli/call.go:177.27,179.5 1 0
opencom/internal/cli/call.go:179.10,181.5 1 1
opencom/internal/cli/call.go:182.4,182.31 1 1
opencom/internal/cli/call.go:182.31,184.5 1 0
opencom/internal/cli/call.go:192.103,195.6 3 0
opencom/internal/cli/call.go:195.6,196.10 1 0
opencom/internal/cli/call.go:197.26,198.58 1 0
opencom/internal/cli/call.go:199.31,200.11 1 0
opencom/internal/cli/call.go:200.11,202.5 1 0
opencom/internal/cli/call.go:203.4,206.55 2 0
opencom/internal/cli/call.go:206.55,207.13 1 0
opencom/internal/cli/call.go:209.4,209.30 1 0
opencom/internal/cli/call.go:209.30,211.5 1 0
opencom/internal/cli/call.go:216.60,217.15 1 1
opencom/internal/cli/call.go:217.15,219.3 1 0
opencom/internal/cli/call.go:220.2,220.37 1 1
opencom/internal/cli/call.go:223.38,227.55 1 1
opencom/internal/cli/call.go:227.55,231.18 4 1
opencom/internal/cli/call.go:231.18,233.5 1 0
opencom/internal/cli/call.go:234.4,236.63 3 1
opencom/internal/cli/call.go:236.63,238.5 1 0
opencom/internal/cli/call.go:239.4,240.27 2 1
opencom/internal/cli/call.go:240.27,243.5 2 1
opencom/internal/cli/call.go:244.4,246.32 3 0
opencom/internal/cli/call.go:246.32,248.16 2 0
opencom/internal/cli/call.go:248.16,250.6 1 0
opencom/internal/cli/call.go:250.11,250.27 1 0
opencom/internal/cli/call.go:250.27,252.6 1 0
opencom/internal/cli/call.go:253.5,254.26 2 0
opencom/internal/cli/call.go:254.26,256.6 1 0
opencom/internal/cli/call.go:257.5,258.27 2 0
opencom/internal/cli/call.go:258.27,260.6 1 0
opencom/internal/cli/call.go:261.5,262.27 2 0
opencom/internal/cli/call.go:262.27,264.6 1 0
opencom/internal/cli/call.go:265.5,266.74 1 0
opencom/internal/cli/call.go:268.4,268.21 1 0
opencom/internal/cli/call.go:273.40,279.55 2 1
opencom/internal/cli/call.go:279.55,284.18 4 0
opencom/internal/cli/call.go:284.18,286.5 1 0
opencom/internal/cli/call.go:288.4,288.18 1 0
opencom/internal/cli/call.go:288.18,293.84 4 0
opencom/internal/cli/call.go:293.84,295.6 1 0
opencom/internal/cli/call.go:296.5,299.15 4 0
opencom/internal/cli/call.go:305.4,306.18 2 0
opencom/internal/cli/call.go:306.18,309.5 2 0
opencom/internal/cli/call.go:310.4,317.18 6 0
opencom/internal/cli/call.go:317.18,319.5 1 0
opencom/internal/cli/call.go:320.4,322.63 2 0
opencom/internal/cli/call.go:325.2,328.12 2 1
opencom/internal/cli/call.go:331.40,336.55 1 1
opencom/internal/cli/call.go:336.55,339.18 3 0
opencom/internal/cli/call.go:339.18,341.5 1 0
opencom/internal/cli/call.go:342.4,344.18 3 0
opencom/internal/cli/call.go:344.18,346.5 1 0
opencom/internal/cli/call.go:347.4,349.77 3 0
opencom/internal/cli/call.go:352.2,352.12 1 1
opencom/internal/cli/call.go:355.40,361.55 2 1
opencom/internal/cli/call.go:361.55,365.18 4 1
opencom/internal/cli/call.go:365.18,367.5 1 0
opencom/internal/cli/call.go:368.4,370.100 2 1
opencom/internal/cli/call.go:370.100,372.5 1 1
opencom/internal/cli/call.go:373.4,374.14 2 0
opencom/internal/cli/call.go:377.2,378.12 2 1
opencom/internal/cli/daemon.go:23.36,32.2 5 1
opencom/internal/cli/daemon.go:34.41,40.55 3 1
opencom/internal/cli/daemon.go:40.55,41.32 1 1
opencom/internal/cli/daemon.go:41.32,43.5 1 1
opencom/internal/cli/daemon.go:44.4,44.34 1 1
opencom/internal/cli/daemon.go:44.34,47.5 1 0
opencom/internal/cli/daemon.go:48.4,48.30 1 1
opencom/internal/cli/daemon.go:51.2,53.12 3 1
opencom/internal/cli/daemon.go:56.47,58.16 2 1
opencom/internal/cli/daemon.go:58.16,60.3 1 0
opencom/internal/cli/daemon.go:61.2,62.16 2 1
opencom/internal/cli/daemon.go:62.16,63.37 1 1
opencom/internal/cli/daemon.go:63.37,65.4 1 1
opencom/internal/cli/daemon.go:66.3,66.47 1 0
opencom/internal/cli/daemon.go:68.2,69.16 2 0
opencom/internal/cli/daemon.go:69.16,71.3 1 0
opencom/internal/cli/daemon.go:73.2,73.59 1 0
opencom/internal/cli/daemon.go:73.59,75.3 1 0
opencom/internal/cli/daemon.go:77.2,78.16 2 0
opencom/internal/cli/daemon.go:78.16,80.3 1 0
opencom/internal/cli/daemon.go:81.2,84.15 3 0
opencom/internal/cli/daemon.go:84.15,84.33 1 0
opencom/internal/cli/daemon.go:86.2,97.4 3 0
opencom/internal/cli/daemon.go:100.40,104.55 1 1
opencom/internal/cli/daemon.go:104.55,106.4 1 1
opencom/internal/cli/daemon.go:110.46,117.53 3 1
opencom/internal/cli/daemon.go:117.53,118.66 1 1
opencom/internal/cli/daemon.go:118.66,123.4 2 0
opencom/internal/cli/daemon.go:126.2,127.16 2 1
opencom/internal/cli/daemon.go:127.16,129.3 1 1
opencom/internal/cli/daemon.go:130.2,133.72 3 1
opencom/internal/cli/daemon.go:133.72,135.3 1 0
opencom/internal/cli/daemon.go:137.2,138.12 2 1
opencom/internal/cli/daemon.go:141.42,145.55 1 1
opencom/internal/cli/daemon.go:145.55,147.4 1 1
opencom/internal/cli/daemon.go:151.48,156.16 4 1
opencom/internal/cli/daemon.go:156.16,159.3 2 1
opencom/internal/cli/daemon.go:160.2,163.72 3 1
opencom/internal/cli/daemon.go:163.72,165.3 1 0
opencom/internal/cli/daemon.go:167.2,173.31 7 1
opencom/internal/cli/daemon.go:173.31,175.3 1 1
opencom/internal/cli/daemon.go:176.2,176.33 1 1
opencom/internal/cli/daemon.go:176.33,178.40 2 0
opencom/internal/cli/daemon.go:178.40,180.4 1 0
opencom/internal/cli/daemon.go:182.2,182.12 1 1
opencom/internal/cli/daemon.go:188.59,190.16 2 1
opencom/internal/cli/daemon.go:190.16,192.3 1 0
opencom/internal/cli/daemon.go:193.2,193.40 1 1
opencom/internal/cli/daemon.go:199.66,200.49 1 1
opencom/internal/cli/daemon.go:200.49,202.3 1 0
opencom/internal/cli/daemon.go:203.2,203.24 1 1
opencom/internal/cli/daemon_ensure.go:27.53,29.16 2 1
opencom/internal/cli/daemon_ensure.go:29.16,31.3 1 0
opencom/internal/cli/daemon_ensure.go:32.2,32.46 1 1
opencom/internal/cli/daemon_ensure.go:32.46,34.3 1 1
opencom/internal/cli/daemon_ensure.go:36.2,37.16 2 0
opencom/internal/cli/daemon_ensure.go:37.16,39.3 1 0
opencom/internal/cli/daemon_ensure.go:40.2,40.59 1 0
opencom/internal/cli/daemon_ensure.go:40.59,42.3 1 0
opencom/internal/cli/daemon_ensure.go:43.2,43.56 1 0
opencom/internal/cli/daemon_ensure.go:43.56,45.3 1 0
opencom/internal/cli/daemon_ensure.go:47.2,48.34 2 0
opencom/internal/cli/daemon_ensure.go:48.34,49.47 1 0
opencom/internal/cli/daemon_ensure.go:49.47,51.4 1 0
opencom/internal/cli/daemon_ensure.go:52.3,52.10 1 0
opencom/internal/cli/daemon_ensure.go:53.21,54.20 1 0
opencom/internal/cli/daemon_ensure.go:55.45,55.45 0 0
opencom/internal/cli/daemon_ensure.go:58.2,58.58 1 0
opencom/internal/cli/daemon_spawn_unix.go:18.50,20.16 2 0
opencom/internal/cli/daemon_spawn_unix.go:20.16,22.3 1 0
opencom/internal/cli/daemon_spawn_unix.go:23.2,28.36 6 0
opencom/internal/cli/daemon_spawn_unix.go:28.36,31.3 2 0
opencom/internal/cli/daemon_spawn_unix.go:32.2,34.12 3 0
opencom/internal/cli/friends.go:14.37,25.2 7 1
opencom/internal/cli/friends.go:27.40,33.55 2 1
opencom/internal/cli/friends.go:33.55,37.18 4 1
opencom/internal/cli/friends.go:37.18,39.5 1 0
opencom/internal/cli/friends.go:40.4,43.81 3 1
opencom/internal/cli/friends.go:43.81,45.5 1 0
opencom/internal/cli/friends.go:46.4,47.14 2 1
opencom/internal/cli/friends.go:50.2,51.12 2 1
opencom/internal/cli/friends.go:54.41,58.55 1 1
opencom/internal/cli/friends.go:58.55,62.18 4 1
opencom/internal/cli/friends.go:62.18,64.5 1 0
opencom/internal/cli/friends.go:65.4,67.65 3 1
opencom/internal/cli/friends.go:67.65,69.5 1 0
opencom/internal/cli/friends.go:70.4,71.29 2 1
opencom/internal/cli/friends.go:71.29,74.5 2 1
opencom/internal/cli/friends.go:75.4,77.34 3 1
opencom/internal/cli/friends.go:77.34,79.17 2 1
opencom/internal/cli/friends.go:79.17,81.6 1 0
opencom/internal/cli/friends.go:82.5,83.29 2 1
opencom/internal/cli/friends.go:83.29,85.6 1 0
opencom/internal/cli/friends.go:86.5,86.98 1 1
opencom/internal/cli/friends.go:88.4,88.21 1 1
opencom/internal/cli/friends.go:93.43,98.55 1 1
opencom/internal/cli/friends.go:98.55,102.18 4 1
opencom/internal/cli/friends.go:102.18,104.5 1 0
opencom/internal/cli/friends.go:105.4,107.66 2 1
opencom/internal/cli/friends.go:107.66,109.5 1 0
opencom/internal/cli/friends.go:110.4,111.14 2 1
opencom/internal/cli/friends.go:116.43,122.55 2 1
opencom/internal/cli/friends.go:122.55,123.16 1 1
opencom/internal/cli/friends.go:123.16,125.5 1 0
opencom/internal/cli/friends.go:126.4,129.18 4 1
opencom/internal/cli/friends.go:129.18,131.5 1 0
opencom/internal/cli/friends.go:132.4,134.79 2 1
opencom/internal/cli/friends.go:134.79,136.5 1 0
opencom/internal/cli/friends.go:137.4,138.14 2 1
opencom/internal/cli/friends.go:141.2,142.12 2 1
opencom/internal/cli/friends.go:145.41,150.55 1 1
opencom/internal/cli/friends.go:150.55,154.18 4 1
opencom/internal/cli/friends.go:154.18,156.5 1 0
opencom/internal/cli/friends.go:157.4,160.65 3 1
opencom/internal/cli/friends.go:160.65,162.5 1 0
opencom/internal/cli/friends.go:163.4,164.18 2 1
opencom/internal/cli/friends.go:164.18,166.5 1 0
opencom/internal/cli/friends.go:167.4,168.30 2 1
opencom/internal/cli/friends.go:168.30,170.5 1 0
opencom/internal/cli/friends.go:171.4,178.14 8 1
opencom/internal/cli/friends.go:185.36,186.19 1 1
opencom/internal/cli/friends.go:186.19,188.3 1 0
opencom/internal/cli/friends.go:189.2,189.41 1 1
opencom/internal/cli/identity.go:12.38,20.2 4 1
opencom/internal/cli/identity.go:22.42,26.55 1 1
opencom/internal/cli/identity.go:26.55,28.18 2 1
opencom/internal/cli/identity.go:28.18,30.5 1 0
opencom/internal/cli/identity.go:31.4,32.18 2 1
opencom/internal/cli/identity.go:32.18,34.5 1 1
opencom/internal/cli/identity.go:35.4,36.18 2 1
opencom/internal/cli/identity.go:36.18,38.5 1 0
opencom/internal/cli/identity.go:39.4,41.20 3 1
opencom/internal/cli/identity.go:41.20,43.5 1 1
opencom/internal/cli/identity.go:44.4,48.14 5 1
opencom/internal/cli/identity.go:53.44,58.55 1 1
opencom/internal/cli/identity.go:58.55,62.18 3 1
opencom/internal/cli/identity.go:62.18,64.5 1 0
opencom/internal/cli/identity.go:65.4,66.18 2 1
opencom/internal/cli/identity.go:66.18,68.5 1 0
opencom/internal/cli/identity.go:69.4,70.18 2 1
opencom/internal/cli/identity.go:70.18,72.5 1 0
opencom/internal/cli/identity.go:73.4,74.18 2 1
opencom/internal/cli/identity.go:74.18,76.5 1 0
opencom/internal/cli/identity.go:77.4,77.58 1 1
opencom/internal/cli/identity.go:77.58,79.5 1 0
opencom/internal/cli/identity.go:80.4,81.14 2 1
opencom/internal/cli/init.go:18.34,32.55 2 1
opencom/internal/cli/init.go:32.55,33.36 1 1
opencom/internal/cli/init.go:33.36,35.5 1 0
opencom/internal/cli/init.go:36.4,36.52 1 1
opencom/internal/cli/init.go:39.2,42.12 4 1
opencom/internal/cli/init.go:45.86,47.16 2 1
opencom/internal/cli/init.go:47.16,49.3 1 0
opencom/internal/cli/init.go:50.2,50.60 1 1
opencom/internal/cli/init.go:50.60,52.3 1 0
opencom/internal/cli/init.go:53.2,53.59 1 1
opencom/internal/cli/init.go:53.59,55.3 1 0
opencom/internal/cli/init.go:57.2,58.16 2 1
opencom/internal/cli/init.go:58.16,60.3 1 0
opencom/internal/cli/init.go:61.2,62.16 2 1
opencom/internal/cli/init.go:62.16,64.3 1 0
opencom/internal/cli/init.go:65.2,65.61 1 1
opencom/internal/cli/init.go:65.61,67.3 1 0
opencom/internal/cli/init.go:69.2,75.49 5 1
opencom/internal/cli/init.go:75.49,79.3 3 0
opencom/internal/cli/init.go:80.2,83.17 2 1
opencom/internal/cli/init.go:83.17,85.20 2 0
opencom/internal/cli/init.go:85.20,87.4 1 0
opencom/internal/cli/init.go:87.9,88.88 1 0
opencom/internal/cli/init.go:88.88,90.5 1 0
opencom/internal/cli/init.go:90.10,92.5 1 0
opencom/internal/cli/init.go:97.2,98.16 2 1
opencom/internal/cli/init.go:98.16,103.3 4 1
opencom/internal/cli/init.go:104.2,106.90 3 0
opencom/internal/cli/init.go:106.90,109.3 2 0
opencom/internal/cli/init.go:110.2,114.18 5 0
opencom/internal/cli/init.go:114.18,117.3 2 0
opencom/internal/cli/init.go:118.2,119.12 2 0
opencom/internal/cli/init.go:122.59,123.41 1 1
opencom/internal/cli/init.go:123.41,125.3 1 1
opencom/internal/cli/init.go:125.8,125.44 1 1
opencom/internal/cli/init.go:125.44,127.3 1 0
opencom/internal/cli/init.go:128.2,129.16 2 1
opencom/internal/cli/init.go:129.16,131.3 1 0
opencom/internal/cli/init.go:132.2,132.48 1 1
opencom/internal/cli/init.go:132.48,134.3 1 0
opencom/internal/cli/init.go:135.2,135.16 1 1
opencom/internal/cli/init.go:138.61,140.51 2 1
opencom/internal/cli/init.go:140.51,142.3 1 0
opencom/internal/cli/init.go:143.2,143.36 1 1
opencom/internal/cli/init.go:143.36,145.17 2 1
opencom/internal/cli/init.go:145.17,147.4 1 1
opencom/internal/cli/init.go:148.3,148.48 1 1
opencom/internal/cli/init.go:148.48,150.4 1 0
opencom/internal/cli/init.go:152.2,152.17 1 1
opencom/internal/cli/init.go:155.43,156.41 1 1
opencom/internal/cli/init.go:156.41,158.3 1 1
opencom/internal/cli/init.go:158.8,158.44 1 1
opencom/internal/cli/init.go:158.44,160.3 1 0
opencom/internal/cli/init.go:161.2,161.64 1 1
opencom/internal/cli/invite.go:14.36,19.55 2 1
opencom/internal/cli/invite.go:19.55,23.18 4 1
opencom/internal/cli/invite.go:23.18,25.5 1 0
opencom/internal/cli/invite.go:26.4,29.15 4 1
opencom/internal/cli/invite.go:29.15,31.5 1 1
opencom/internal/cli/invite.go:32.4,32.70 1 1
opencom/internal/cli/invite.go:32.70,34.5 1 0
opencom/internal/cli/invite.go:35.4,38.36 3 1
opencom/internal/cli/invite.go:38.36,48.5 8 1
opencom/internal/cli/invite.go:48.10,61.5 9 1
opencom/internal/cli/invite.go:62.4,62.37 1 1
opencom/internal/cli/invite.go:62.37,71.5 8 1
opencom/internal/cli/invite.go:72.4,72.14 1 1
opencom/internal/cli/invite.go:75.2,78.12 4 1
opencom/internal/cli/invite.go:81.40,85.55 1 1
opencom/internal/cli/invite.go:85.55,89.18 4 1
opencom/internal/cli/invite.go:89.18,91.5 1 0
opencom/internal/cli/invite.go:92.4,94.65 3 1
opencom/internal/cli/invite.go:94.65,96.5 1 0
opencom/internal/cli/invite.go:97.4,98.30 2 1
opencom/internal/cli/invite.go:98.30,101.5 2 1
opencom/internal/cli/invite.go:102.4,104.35 3 1
opencom/internal/cli/invite.go:104.35,106.19 2 1
opencom/internal/cli/invite.go:106.19,108.6 1 1
opencom/internal/cli/invite.go:108.11,108.25 1 1
opencom/internal/cli/invite.go:108.25,110.6 1 0
opencom/internal/cli/invite.go:111.5,112.18 2 1
opencom/internal/cli/invite.go:112.18,114.6 1 1
opencom/internal/cli/invite.go:115.5,115.61 1 1
opencom/internal/cli/invite.go:117.4,117.21 1 1
opencom/internal/cli/invite.go:122.42,127.55 1 1
[...]
opencom/internal/call/manager.go:69.51,74.2 4 1
opencom/internal/call/manager.go:77.37,81.31 4 1
opencom/internal/call/manager.go:81.31,83.3 1 1
opencom/internal/call/manager.go:84.2,84.38 1 1
opencom/internal/call/manager.go:84.38,84.74 1 1
opencom/internal/call/manager.go:85.2,85.12 1 1
opencom/internal/call/manager.go:89.37,93.2 3 1
opencom/internal/call/manager.go:96.45,96.65 1 1
opencom/internal/call/manager.go:105.62,111.2 5 1
opencom/internal/call/manager.go:115.66,118.27 3 1
opencom/internal/call/manager.go:118.27,119.38 1 1
opencom/internal/call/manager.go:119.38,123.4 3 1
opencom/internal/call/manager.go:129.42,132.28 3 1
opencom/internal/call/manager.go:132.28,133.10 1 1
opencom/internal/call/manager.go:134.17,134.17 0 1
opencom/internal/call/manager.go:135.11,135.11 0 0
opencom/internal/call/session.go:23.32,24.11 1 1
opencom/internal/call/session.go:25.17,26.16 1 1
opencom/internal/call/session.go:27.20,28.19 1 1
opencom/internal/call/session.go:29.23,30.22 1 1
opencom/internal/call/session.go:31.22,32.21 1 1
opencom/internal/call/session.go:33.18,34.17 1 1
opencom/internal/call/session.go:35.10,36.19 1 0
opencom/internal/call/session.go:49.36,50.11 1 1
opencom/internal/call/session.go:51.16,52.20 1 1
opencom/internal/call/session.go:53.15,54.19 1 1
opencom/internal/call/session.go:55.10,56.19 1 0
opencom/internal/call/session.go:89.90,90.16 1 1
opencom/internal/call/session.go:90.16,92.3 1 1
opencom/internal/call/session.go:93.2,100.3 1 1
opencom/internal/call/session.go:104.31,104.46 1 1
opencom/internal/call/session.go:107.36,107.55 1 0
opencom/internal/call/session.go:110.41,110.63 1 1
opencom/internal/call/session.go:113.41,113.63 1 0
opencom/internal/call/session.go:116.33,120.2 3 1
opencom/internal/call/session.go:123.35,127.2 3 1
opencom/internal/call/session.go:130.37,130.78 1 1
opencom/internal/call/session.go:133.40,133.84 1 1
opencom/internal/call/session.go:136.39,136.82 1 1
opencom/internal/call/session.go:140.44,142.27 2 1
opencom/internal/call/session.go:142.27,145.3 2 1
opencom/internal/call/session.go:146.2,159.12 6 1
opencom/internal/call/session.go:162.65,164.27 2 1
opencom/internal/call/session.go:164.27,167.3 2 0
opencom/internal/call/session.go:168.2,168.25 1 1
opencom/internal/call/session.go:168.25,173.3 3 1
opencom/internal/call/session.go:174.2,186.12 5 1
opencom/internal/call/session.go:191.57,199.2 7 1
opencom/internal/call/session.go:203.39,206.30 3 1
opencom/internal/call/session.go:206.30,209.3 2 1
opencom/internal/call/session.go:212.45,215.28 3 1
opencom/internal/call/session.go:215.28,216.10 1 1
opencom/internal/call/session.go:217.17,217.17 0 1
opencom/internal/call/session.go:218.11,218.11 0 0
opencom/internal/call/streams.go:54.42,54.60 1 1
opencom/internal/call/streams.go:57.88,58.16 1 1
opencom/internal/call/streams.go:58.16,60.3 1 0
opencom/internal/call/streams.go:61.2,61.16 1 1
opencom/internal/call/streams.go:61.16,63.3 1 0
opencom/internal/call/streams.go:64.2,71.3 1 1
opencom/internal/call/streams.go:75.26,77.2 1 1
opencom/internal/call/streams.go:82.25,87.30 4 0
opencom/internal/call/streams.go:87.30,89.3 1 0
opencom/internal/call/streams.go:91.2,95.28 4 0
opencom/internal/call/streams.go:95.28,97.3 1 0
opencom/internal/call/streams.go:103.79,104.23 1 1
opencom/internal/call/streams.go:104.23,105.84 1 1
opencom/internal/call/streams.go:105.84,107.4 1 0
opencom/internal/call/streams.go:109.2,110.16 2 1
opencom/internal/call/streams.go:110.16,111.24 1 0
opencom/internal/call/streams.go:111.24,113.4 1 0
opencom/internal/call/streams.go:114.3,114.74 1 0
opencom/internal/call/streams.go:117.2,126.17 5 1
opencom/internal/call/streams.go:126.17,131.3 4 0
opencom/internal/call/streams.go:133.2,133.38 1 1
opencom/internal/call/streams.go:133.38,135.3 1 0
opencom/internal/call/streams.go:136.2,137.15 2 1
opencom/internal/call/streams.go:143.43,144.30 1 1
opencom/internal/call/streams.go:144.30,146.3 1 0
opencom/internal/call/streams.go:147.2,147.77 1 1
opencom/internal/call/streams.go:147.77,149.3 1 0
opencom/internal/call/streams.go:150.2,150.41 1 1
opencom/internal/call/streams.go:150.41,152.3 1 0
opencom/internal/call/streams.go:153.2,153.40 1 1
opencom/internal/call/streams.go:153.40,155.3 1 0
opencom/internal/call/streams.go:156.2,156.12 1 1
opencom/internal/call/streams.go:161.58,162.93 1 1
opencom/internal/call/streams.go:162.93,164.3 1 0
opencom/internal/call/streams.go:165.2,168.12 4 1
opencom/internal/call/streams.go:173.54,182.21 5 1
opencom/internal/call/streams.go:182.21,185.3 2 1
opencom/internal/call/streams.go:186.2,187.64 2 1
opencom/internal/call/streams.go:187.64,191.3 3 0
opencom/internal/call/streams.go:192.2,192.51 1 1
opencom/internal/call/streams.go:192.51,196.3 3 1
opencom/internal/call/streams.go:198.2,198.59 1 1
opencom/internal/call/streams.go:198.59,204.3 3 0
opencom/internal/call/streams.go:206.2,210.38 4 1
opencom/internal/call/streams.go:210.38,213.3 2 0
opencom/internal/call/streams.go:214.2,215.26 2 1
opencom/internal/call/streams.go:220.39,222.19 2 1
opencom/internal/call/streams.go:222.19,224.3 1 0
opencom/internal/call/streams.go:225.2,227.26 3 1
opencom/internal/call/streams.go:230.65,231.15 1 1
opencom/internal/call/streams.go:231.15,234.3 2 1
opencom/internal/call/streams.go:235.2,235.21 1 1
opencom/internal/call/streams.go:235.21,237.61 2 1
opencom/internal/call/streams.go:237.61,239.12 2 0
opencom/internal/call/streams.go:241.3,241.25 1 1
opencom/internal/call/streams.go:241.25,243.12 2 1
opencom/internal/call/streams.go:245.3,245.17 1 1
opencom/internal/call/streams.go:246.18,248.23 2 1
opencom/internal/call/streams.go:249.19,251.10 2 0
opencom/internal/call/streams.go:252.18,254.10 2 1
opencom/internal/call/streams.go:255.18,255.18 0 0
opencom/internal/call/streams.go:259.2,259.75 1 1
opencom/internal/call/streams.go:259.75,261.3 1 1
opencom/internal/call/streams.go:261.8,263.3 1 1
opencom/internal/call/streams.go:267.58,272.2 4 1
opencom/internal/call/streams.go:274.54,278.2 3 1
opencom/internal/call/streams.go:280.44,286.19 6 1
opencom/internal/call/streams.go:286.19,288.3 1 1
opencom/internal/call/streams.go:291.53,295.9 4 1
opencom/internal/call/streams.go:295.9,297.3 1 0
opencom/internal/call/streams.go:298.2,298.23 1 1
opencom/internal/call/streams.go:302.25,302.59 1 1
opencom/internal/invite/code.go:27.31,29.43 2 1
opencom/internal/invite/code.go:29.43,31.3 1 0
opencom/internal/invite/code.go:32.2,34.34 3 1
opencom/internal/invite/code.go:34.34,38.3 3 1
opencom/internal/invite/code.go:39.2,39.23 1 1
opencom/internal/invite/code.go:52.40,57.26 4 1
opencom/internal/invite/code.go:57.26,59.3 1 1
opencom/internal/invite/code.go:61.2,62.22 2 1
opencom/internal/invite/code.go:62.22,63.12 1 1
opencom/internal/invite/code.go:64.12,65.11 1 1
opencom/internal/invite/code.go:66.17,67.11 1 1
opencom/internal/invite/code.go:68.12,69.80 1 1
opencom/internal/invite/code.go:71.3,71.50 1 1
opencom/internal/invite/code.go:71.50,73.4 1 1
opencom/internal/invite/code.go:74.3,74.19 1 1
opencom/internal/invite/code.go:76.2,76.23 1 1
opencom/internal/invite/code.go:80.31,81.26 1 1
opencom/internal/invite/code.go:81.26,83.3 1 0
opencom/internal/invite/code.go:84.2,84.54 1 1
opencom/internal/invite/handshake.go:46.49,48.18 2 1
opencom/internal/invite/handshake.go:48.18,50.3 1 0
opencom/internal/invite/handshake.go:51.2,52.39 2 1
opencom/internal/invite/handshake.go:52.39,54.3 1 0
opencom/internal/invite/handshake.go:55.2,56.12 2 1
opencom/internal/invite/handshake.go:60.49,65.21 5 1
opencom/internal/invite/handshake.go:65.21,66.39 1 0
opencom/internal/invite/handshake.go:66.39,68.4 1 0
opencom/internal/invite/handshake.go:69.3,69.68 1 0
opencom/internal/invite/handshake.go:71.2,71.60 1 1
opencom/internal/invite/handshake.go:71.60,73.3 1 0
opencom/internal/invite/handshake.go:74.2,75.15 2 1
opencom/internal/invite/handshake.go:79.55,82.39 3 1
opencom/internal/invite/handshake.go:82.39,84.3 1 0
opencom/internal/invite/handshake.go:85.2,86.12 2 1
opencom/internal/invite/handshake.go:90.55,95.21 5 1
opencom/internal/invite/handshake.go:95.21,96.39 1 1
opencom/internal/invite/handshake.go:96.39,98.4 1 1
opencom/internal/invite/handshake.go:99.3,99.74 1 0
opencom/internal/invite/handshake.go:101.2,101.60 1 1
opencom/internal/invite/handshake.go:101.60,103.3 1 0
opencom/internal/invite/handshake.go:104.2,105.15 2 1
opencom/internal/invite/manager.go:92.56,93.22 1 1
opencom/internal/invite/manager.go:93.22,95.3 1 0
opencom/internal/invite/manager.go:96.2,96.21 1 1
opencom/internal/invite/manager.go:96.21,98.3 1 0
opencom/internal/invite/manager.go:99.2,99.25 1 1
opencom/internal/invite/manager.go:99.25,101.3 1 0
opencom/internal/invite/manager.go:102.2,102.23 1 1
opencom/internal/invite/manager.go:102.23,104.3 1 0
opencom/internal/invite/manager.go:105.2,105.53 1 1
opencom/internal/invite/manager.go:105.53,107.3 1 0
opencom/internal/invite/manager.go:108.2,108.21 1 1
opencom/internal/invite/manager.go:108.21,110.3 1 0
opencom/internal/invite/manager.go:111.2,112.18 2 1
opencom/internal/invite/manager.go:112.18,114.3 1 0
opencom/internal/invite/manager.go:115.2,125.8 1 1
opencom/internal/invite/manager.go:130.27,132.2 1 1
opencom/internal/invite/manager.go:135.26,137.2 1 1
opencom/internal/invite/manager.go:165.88,166.30 1 1
opencom/internal/invite/manager.go:166.30,168.3 1 0
opencom/internal/invite/manager.go:169.2,170.16 2 1
opencom/internal/invite/manager.go:170.16,172.3 1 0
opencom/internal/invite/manager.go:173.2,176.16 3 1
opencom/internal/invite/manager.go:176.16,178.3 1 0
opencom/internal/invite/manager.go:179.2,195.16 5 1
opencom/internal/invite/manager.go:195.16,197.3 1 0
opencom/internal/invite/manager.go:201.2,223.19 6 1
opencom/internal/invite/manager.go:223.19,225.3 1 0
opencom/internal/invite/manager.go:225.8,225.83 1 1
opencom/internal/invite/manager.go:225.83,227.3 1 1
opencom/internal/invite/manager.go:228.2,228.19 1 1
opencom/internal/invite/manager.go:228.19,231.3 1 1
opencom/internal/invite/manager.go:233.2,238.8 1 1
opencom/internal/invite/manager.go:248.79,251.16 3 1
opencom/internal/invite/manager.go:251.16,253.3 1 1
opencom/internal/invite/manager.go:257.2,258.16 2 1
opencom/internal/invite/manager.go:258.16,260.3 1 0
opencom/internal/invite/manager.go:261.2,262.16 2 1
opencom/internal/invite/manager.go:262.16,264.3 1 0
opencom/internal/invite/manager.go:265.2,266.16 2 1
opencom/internal/invite/manager.go:266.16,268.3 1 0
opencom/internal/invite/manager.go:270.2,271.16 2 1
opencom/internal/invite/manager.go:271.16,273.3 1 0
opencom/internal/invite/manager.go:274.2,274.38 1 1
opencom/internal/invite/manager.go:274.38,276.3 1 0
opencom/internal/invite/manager.go:278.2,278.76 1 1
opencom/internal/invite/manager.go:287.89,289.16 2 1
opencom/internal/invite/manager.go:289.16,291.3 1 0
opencom/internal/invite/manager.go:292.2,292.68 1 1
opencom/internal/invite/manager.go:292.68,294.3 1 0
opencom/internal/invite/manager.go:295.2,296.16 2 1
opencom/internal/invite/manager.go:296.16,298.3 1 0
opencom/internal/invite/manager.go:299.2,300.16 2 1
opencom/internal/invite/manager.go:300.16,302.3 1 0
opencom/internal/invite/manager.go:303.2,303.95 1 1
opencom/internal/invite/manager.go:311.39,313.2 1 1
opencom/internal/invite/manager.go:325.27,326.55 1 1
opencom/internal/invite/manager.go:326.55,328.3 1 1
opencom/internal/invite/manager.go:330.2,331.16 2 1
opencom/internal/invite/manager.go:331.16,333.3 1 0
opencom/internal/invite/manager.go:334.2,337.16 3 1
opencom/internal/invite/manager.go:337.16,339.3 1 0
opencom/internal/invite/manager.go:340.2,347.17 1 1
opencom/internal/invite/manager.go:347.17,350.3 2 0
opencom/internal/invite/manager.go:352.2,353.16 2 1
opencom/internal/invite/manager.go:353.16,355.3 1 0
opencom/internal/invite/manager.go:356.2,356.29 1 1
opencom/internal/invite/manager.go:356.29,358.3 1 1
opencom/internal/invite/manager.go:359.2,359.29 1 1
opencom/internal/invite/manager.go:359.29,361.3 1 0
opencom/internal/invite/manager.go:363.2,369.45 2 1
opencom/internal/invite/manager.go:369.45,371.3 1 0
opencom/internal/invite/manager.go:372.2,372.19 1 1
opencom/internal/invite/manager.go:376.60,378.16 2 1
opencom/internal/invite/manager.go:378.16,380.3 1 0
opencom/internal/invite/manager.go:381.2,382.16 2 1
opencom/internal/invite/manager.go:382.16,384.3 1 0
opencom/internal/invite/manager.go:385.2,385.17 1 1
opencom/internal/invite/manager.go:392.50,397.16 4 1
opencom/internal/invite/manager.go:397.16,401.3 3 0
opencom/internal/invite/manager.go:402.2,402.30 1 1
opencom/internal/invite/manager.go:402.30,406.3 3 0
opencom/internal/invite/manager.go:408.2,409.9 2 1
opencom/internal/invite/manager.go:409.9,412.3 2 1
opencom/internal/invite/manager.go:413.2,413.20 1 1
opencom/internal/invite/manager.go:413.20,416.3 2 1
opencom/internal/invite/manager.go:417.2,417.39 1 1
opencom/internal/invite/manager.go:417.39,420.3 2 0
opencom/internal/invite/manager.go:424.2,425.16 2 1
opencom/internal/invite/manager.go:425.16,428.3 2 0
opencom/internal/invite/manager.go:429.2,430.16 2 1
opencom/internal/invite/manager.go:430.16,433.3 2 0
opencom/internal/invite/manager.go:434.2,435.16 2 1
opencom/internal/invite/manager.go:435.16,438.3 2 0
opencom/internal/invite/manager.go:441.2,441.25 1 1
opencom/internal/invite/manager.go:441.25,444.3 2 0
opencom/internal/invite/manager.go:450.2,450.56 1 1
opencom/internal/invite/manager.go:450.56,453.3 2 0
opencom/internal/invite/manager.go:455.2,460.17 1 1
opencom/internal/invite/manager.go:460.17,466.3 4 0
opencom/internal/invite/manager.go:468.2,469.16 2 1
opencom/internal/invite/manager.go:469.16,473.3 3 0
opencom/internal/invite/manager.go:474.2,479.4 1 1
opencom/internal/invite/manager.go:486.46,488.23 2 1
opencom/internal/invite/manager.go:488.23,490.3 1 1
opencom/internal/invite/manager.go:491.2,491.12 1 1
opencom/internal/invite/manager.go:496.47,498.25 2 1
opencom/internal/invite/manager.go:498.25,500.17 2 1
opencom/internal/invite/manager.go:500.17,501.12 1 0
opencom/internal/invite/manager.go:503.3,503.23 1 1
opencom/internal/invite/manager.go:505.2,505.12 1 1
opencom/internal/invite/record.go:52.34,57.2 4 1
opencom/internal/invite/record.go:61.43,64.50 3 1
opencom/internal/invite/record.go:64.50,65.45 1 0
opencom/internal/invite/record.go:67.2,67.12 1 1
opencom/internal/invite/record.go:77.79,79.16 2 1
opencom/internal/invite/record.go:79.16,81.3 1 0
opencom/internal/invite/record.go:83.2,84.16 2 1
opencom/internal/invite/record.go:84.16,86.3 1 0
opencom/internal/invite/record.go:87.2,88.44 2 1
opencom/internal/invite/record.go:88.44,90.3 1 0
opencom/internal/invite/record.go:91.2,95.16 4 1
opencom/internal/invite/record.go:95.16,97.3 1 0
opencom/internal/invite/record.go:98.2,98.30 1 1
opencom/internal/invite/record.go:98.30,100.3 1 0
opencom/internal/invite/record.go:102.2,105.17 4 1
opencom/internal/invite/record.go:115.84,117.28 2 1
opencom/internal/invite/record.go:117.28,119.3 1 1
opencom/internal/invite/record.go:120.2,126.23 6 1
opencom/internal/invite/record.go:126.23,128.3 1 1
opencom/internal/invite/record.go:130.2,131.16 2 1
opencom/internal/invite/record.go:131.16,133.3 1 0
opencom/internal/invite/record.go:134.2,135.16 2 1
opencom/internal/invite/record.go:135.16,137.3 1 1
opencom/internal/invite/record.go:139.2,139.56 1 1
opencom/internal/invite/record.go:139.56,141.3 1 0
opencom/internal/invite/record.go:142.2,142.34 1 1
opencom/internal/invite/record.go:142.34,145.3 1 1
opencom/internal/invite/record.go:146.2,146.39 1 1
opencom/internal/invite/record.go:146.39,148.3 1 1
opencom/internal/invite/record.go:149.2,149.17 1 1
opencom/internal/invite/record.go:166.69,168.28 2 1
opencom/internal/invite/record.go:168.28,170.3 1 0
opencom/internal/invite/record.go:171.2,176.16 5 1
opencom/internal/invite/record.go:176.16,178.3 1 0
opencom/internal/invite/record.go:179.2,180.16 2 1
opencom/internal/invite/record.go:180.16,182.3 1 0
opencom/internal/invite/record.go:183.2,183.56 1 1
opencom/internal/invite/record.go:183.56,185.3 1 0
opencom/internal/invite/record.go:186.2,186.17 1 1
opencom/internal/invite/store.go:49.45,52.36 3 1
opencom/internal/invite/store.go:52.36,54.3 1 1
opencom/internal/invite/store.go:55.2,55.16 1 1
opencom/internal/invite/store.go:55.16,57.3 1 0
opencom/internal/invite/store.go:58.2,59.78 2 1
opencom/internal/invite/store.go:59.78,62.3 1 0
opencom/internal/invite/store.go:63.2,63.30 1 1
opencom/internal/invite/store.go:63.30,65.3 1 1
opencom/internal/invite/store.go:66.2,66.15 1 1
opencom/internal/invite/store.go:70.30,75.2 4 1
opencom/internal/invite/store.go:78.43,83.2 4 1
opencom/internal/invite/store.go:87.60,90.56 3 1
opencom/internal/invite/store.go:90.56,93.3 2 1
opencom/internal/invite/store.go:94.2,99.13 6 1
opencom/internal/invite/store.go:106.40,109.24 3 0
opencom/internal/invite/store.go:109.24,112.3 2 0
opencom/internal/invite/store.go:113.2,117.11 5 0
opencom/internal/invite/store.go:122.37,125.13 3 1
opencom/internal/invite/store.go:125.13,127.3 1 1
opencom/internal/invite/store.go:128.2,129.13 2 1
opencom/internal/invite/store.go:129.13,131.3 1 1
opencom/internal/invite/store.go:132.2,132.16 1 1
opencom/internal/invite/store.go:136.38,141.30 5 1
opencom/internal/invite/store.go:141.30,142.45 1 1
opencom/internal/invite/store.go:142.45,144.4 1 1
opencom/internal/invite/store.go:146.2,146.12 1 1
opencom/internal/invite/store.go:151.35,155.30 4 1
opencom/internal/invite/store.go:155.30,157.3 1 1
opencom/internal/invite/store.go:158.2,158.12 1 1
opencom/internal/invite/store.go:161.25,167.30 5 1
opencom/internal/invite/store.go:167.30,169.3 1 1
opencom/internal/invite/store.go:170.2,174.16 4 1
opencom/internal/invite/store.go:174.16,176.3 1 0
opencom/internal/invite/store.go:177.2,178.53 2 1
opencom/internal/invite/url.go:52.37,61.23 9 1
opencom/internal/invite/url.go:61.23,63.3 1 1
opencom/internal/invite/url.go:64.2,64.37 1 1
opencom/internal/invite/url.go:75.45,78.40 3 1
opencom/internal/invite/url.go:78.40,80.3 1 1
opencom/internal/invite/url.go:81.2,82.13 2 1
opencom/internal/invite/url.go:82.13,84.3 1 0
opencom/internal/invite/url.go:85.2,86.16 2 1
opencom/internal/invite/url.go:86.16,88.3 1 0
opencom/internal/invite/url.go:89.2,90.22 2 1
opencom/internal/invite/url.go:90.22,92.3 1 1
opencom/internal/invite/url.go:93.2,95.19 3 1
opencom/internal/invite/url.go:95.19,97.3 1 1
opencom/internal/invite/url.go:98.2,99.16 2 1
opencom/internal/invite/url.go:99.16,101.3 1 0
opencom/internal/invite/url.go:102.2,104.16 3 1
opencom/internal/invite/url.go:104.16,106.3 1 0
opencom/internal/invite/url.go:107.2,108.39 2 1
opencom/internal/invite/url.go:108.39,110.17 2 1
opencom/internal/invite/url.go:110.17,112.4 1 0
opencom/internal/invite/url.go:114.2,115.17 2 1
opencom/internal/invite/url.go:121.71,123.16 2 1
opencom/internal/invite/url.go:123.16,125.3 1 0
opencom/internal/invite/url.go:126.2,127.15 2 1
opencom/internal/invite/url.go:136.53,137.23 1 1
opencom/internal/invite/url.go:137.23,139.3 1 0
opencom/internal/invite/url.go:140.2,140.23 1 1
opencom/internal/invite/url.go:140.23,142.3 1 1
opencom/internal/invite/url.go:143.2,144.16 2 1
opencom/internal/invite/url.go:144.16,146.3 1 0
opencom/internal/invite/url.go:147.2,148.16 2 1
opencom/internal/invite/url.go:148.16,150.3 1 0
opencom/internal/invite/url.go:151.2,152.16 2 1
opencom/internal/invite/url.go:152.16,154.3 1 0
opencom/internal/invite/url.go:155.2,155.36 1 1
opencom/internal/invite/url.go:155.36,157.3 1 1
opencom/internal/invite/url.go:158.2,159.16 2 1
opencom/internal/invite/url.go:159.16,161.3 1 0
opencom/internal/invite/url.go:162.2,163.23 2 1
opencom/internal/invite/url.go:163.23,165.3 1 1
opencom/internal/invite/url.go:166.2,166.17 1 1
opencom/internal/invite/url.go:173.45,195.2 21 1
opencom/internal/invite/url.go:197.45,199.2 1 1
opencom/internal/invite/url.go:201.52,203.16 2 1
opencom/internal/invite/url.go:203.16,205.3 1 0
opencom/internal/invite/url.go:206.2,206.20 1 1
opencom/internal/invite/url.go:206.20,208.3 1 0
opencom/internal/invite/url.go:209.2,209.47 1 1
